[0.439s] Invoking command in '/home/aldo/arduinobot_ws/build/arduinobot_description': CMAKE_PREFIX_PATH=${CMAKE_PREFIX_PATH}:/opt/ros/jazzy DEBUGINFOD_URLS=https://debuginfod.ubuntu.com /usr/bin/cmake --build /home/aldo/arduinobot_ws/build/arduinobot_description -- -j4 -l4
[1.130s] -- Found ament_cmake: 2.5.4 (/opt/ros/jazzy/share/ament_cmake/cmake)
[10.291s] -- Found ament_lint_auto: 0.17.3 (/opt/ros/jazzy/share/ament_lint_auto/cmake)
[13.393s] -- Added test 'lint_cmake' to check CMake code style
[13.463s] -- Added test 'xmllint' to check XML markup files
[13.669s] -- Configuring done (12.5s)
[13.830s] -- Generating done (0.2s)
[13.964s] -- Build files have been written to: /home/aldo/arduinobot_ws/build/arduinobot_description
[15.144s] Invoked command in '/home/aldo/arduinobot_ws/build/arduinobot_description' returned '0': CMAKE_PREFIX_PATH=${CMAKE_PREFIX_PATH}:/opt/ros/jazzy DEBUGINFOD_URLS=https://debuginfod.ubuntu.com /usr/bin/cmake --build /home/aldo/arduinobot_ws/build/arduinobot_description -- -j4 -l4
[15.160s] Invoking command in '/home/aldo/arduinobot_ws/build/arduinobot_description': CMAKE_PREFIX_PATH=${CMAKE_PREFIX_PATH}:/opt/ros/jazzy DEBUGINFOD_URLS=https://debuginfod.ubuntu.com /usr/bin/cmake --install /home/aldo/arduinobot_ws/build/arduinobot_description
[15.406s] -- Install configuration: ""
[15.418s] -- Installing: /home/aldo/arduinobot_ws/install/arduinobot_description/share/arduinobot_description/meshes
[15.418s] -- Installing: /home/aldo/arduinobot_ws/install/arduinobot_description/share/arduinobot_description/meshes/servo_plate.STL
[15.419s] -- Installing: /home/aldo/arduinobot_ws/install/arduinobot_description/share/arduinobot_description/meshes/plate.STL
[15.765s] -- Installing: /home/aldo/arduinobot_ws/install/arduinobot_description/share/arduinobot_description/meshes/forward_drive_arm.STL
[15.890s] -- Installing: /home/aldo/arduinobot_ws/install/arduinobot_description/share/arduinobot_description/meshes/drive_gear.STL
[15.890s] -- Installing: /home/aldo/arduinobot_ws/install/arduinobot_description/share/arduinobot_description/meshes/horizontal_arm.STL
[15.918s] -- Installing: /home/aldo/arduinobot_ws/install/arduinobot_description/share/arduinobot_description/meshes/claw_support.STL
[16.007s] -- Installing: /home/aldo/arduinobot_ws/install/arduinobot_description/share/arduinobot_description/meshes/triangular_link.STL
[16.017s] -- Installing: /home/aldo/arduinobot_ws/install/arduinobot_description/share/arduinobot_description/meshes/base_plate.STL
[16.083s] -- Installing: /home/aldo/arduinobot_ws/install/arduinobot_description/share/arduinobot_description/meshes/round_plate.STL
[16.083s] -- Installing: /home/aldo/arduinobot_ws/install/arduinobot_description/share/arduinobot_description/meshes/left_finger.STL
[16.083s] -- Installing: /home/aldo/arduinobot_ws/install/arduinobot_description/share/arduinobot_description/meshes/link.STL
[16.084s] -- Installing: /home/aldo/arduinobot_ws/install/arduinobot_description/share/arduinobot_description/meshes/basement.STL
[16.084s] -- Installing: /home/aldo/arduinobot_ws/install/arduinobot_description/share/arduinobot_description/meshes/right_finger.STL
[16.084s] -- Installing: /home/aldo/arduinobot_ws/install/arduinobot_description/share/arduinobot_description/meshes/vertical_drive_arm.STL
[16.212s] -- Installing: /home/aldo/arduinobot_ws/install/arduinobot_description/share/arduinobot_description/meshes/driven_gear.STL
[16.213s] -- Installing: /home/aldo/arduinobot_ws/install/arduinobot_description/share/arduinobot_description/urdf
[16.213s] -- Installing: /home/aldo/arduinobot_ws/install/arduinobot_description/share/arduinobot_description/urdf/arduinobot.urdf.xacro
[16.213s] -- Up-to-date: /home/aldo/arduinobot_ws/install/arduinobot_description/share/ament_index/resource_index/package_run_dependencies/arduinobot_description
[16.213s] -- Up-to-date: /home/aldo/arduinobot_ws/install/arduinobot_description/share/ament_index/resource_index/parent_prefix_path/arduinobot_description
[16.213s] -- Up-to-date: /home/aldo/arduinobot_ws/install/arduinobot_description/share/arduinobot_description/environment/ament_prefix_path.sh
[16.213s] -- Up-to-date: /home/aldo/arduinobot_ws/install/arduinobot_description/share/arduinobot_description/environment/ament_prefix_path.dsv
[16.213s] -- Up-to-date: /home/aldo/arduinobot_ws/install/arduinobot_description/share/arduinobot_description/environment/path.sh
[16.213s] -- Up-to-date: /home/aldo/arduinobot_ws/install/arduinobot_description/share/arduinobot_description/environment/path.dsv
[16.214s] -- Up-to-date: /home/aldo/arduinobot_ws/install/arduinobot_description/share/arduinobot_description/local_setup.bash
[16.214s] -- Up-to-date: /home/aldo/arduinobot_ws/install/arduinobot_description/share/arduinobot_description/local_setup.sh
[16.214s] -- Up-to-date: /home/aldo/arduinobot_ws/install/arduinobot_description/share/arduinobot_description/local_setup.zsh
[16.214s] -- Up-to-date: /home/aldo/arduinobot_ws/install/arduinobot_description/share/arduinobot_description/local_setup.dsv
[16.214s] -- Installing: /home/aldo/arduinobot_ws/install/arduinobot_description/share/arduinobot_description/package.dsv
[16.214s] -- Up-to-date: /home/aldo/arduinobot_ws/install/arduinobot_description/share/ament_index/resource_index/packages/arduinobot_description
[16.214s] -- Up-to-date: /home/aldo/arduinobot_ws/install/arduinobot_description/share/arduinobot_description/cmake/arduinobot_descriptionConfig.cmake
[16.215s] -- Up-to-date: /home/aldo/arduinobot_ws/install/arduinobot_description/share/arduinobot_description/cmake/arduinobot_descriptionConfig-version.cmake
[16.215s] -- Up-to-date: /home/aldo/arduinobot_ws/install/arduinobot_description/share/arduinobot_description/package.xml
[16.251s] Invoked command in '/home/aldo/arduinobot_ws/build/arduinobot_description' returned '0': CMAKE_PREFIX_PATH=${CMAKE_PREFIX_PATH}:/opt/ros/jazzy DEBUGINFOD_URLS=https://debuginfod.ubuntu.com /usr/bin/cmake --install /home/aldo/arduinobot_ws/build/arduinobot_description
