[0.188s] Invoking command in '/home/aldo/arduinobot_ws/build/arduinobot_cpp_examples': CMAKE_PREFIX_PATH=${CMAKE_PREFIX_PATH}:/opt/ros/jazzy DEBUGINFOD_URLS=https://debuginfod.ubuntu.com /usr/bin/cmake --build /home/aldo/arduinobot_ws/build/arduinobot_cpp_examples -- -j4 -l4
[0.777s] [ 33%] Built target simple_subscriber
[0.777s] [ 66%] Built target simple_publisher
[0.857s] [ 83%] [32mBuilding CXX object CMakeFiles/simple_parameter.dir/src/simple_parameter.cpp.o[0m
[7.801s] [01m[K/home/aldo/arduinobot_ws/src/arduinobot_cpp_examples/src/simple_parameter.cpp:[m[K In constructor ‘[01m[KSimpleParameter::[01;32m[KSimpleParameter[m[K()[m[K’:
[7.801s] [01m[K/home/aldo/arduinobot_ws/src/arduinobot_cpp_examples/src/simple_parameter.cpp:17:99:[m[K [01;35m[Kwarning: [m[Kignoring return value of ‘[01m[Krclcpp::node_interfaces::OnSetParametersCallbackHandle::SharedPtr rclcpp::Node::[01;32m[Kadd_on_set_parameters_callback[m[K(OnSetParametersCallbackType)[m[K’, declared with attribute ‘[01m[Kwarn_unused_result[m[K’ [[01;35m[K]8;;https://gcc.gnu.org/onlinedocs/gcc/Warning-Options.html#index-Wunused-result-Wunused-result]8;;[m[K]
[7.801s]    17 |         add_on_set_parameters_callback(std::bind(&SimpleParameter::paramChangeCallback, this, _1))[01;35m[K;[m[K
[7.801s]       |                                                                                                   [01;35m[K^[m[K
[7.801s] In file included from [01m[K/opt/ros/jazzy/include/rclcpp/rclcpp/executors/single_threaded_executor.hpp:28[m[K,
[7.801s]                  from [01m[K/opt/ros/jazzy/include/rclcpp/rclcpp/executors.hpp:22[m[K,
[7.801s]                  from [01m[K/opt/ros/jazzy/include/rclcpp/rclcpp/rclcpp.hpp:172[m[K,
[7.802s]                  from [01m[K/home/aldo/arduinobot_ws/src/arduinobot_cpp_examples/src/simple_parameter.cpp:1[m[K:
[7.802s] [01m[K/opt/ros/jazzy/include/rclcpp/rclcpp/node.hpp:1159:3:[m[K [01;36m[Knote: [m[Kdeclared here
[7.802s]  1159 |   [01;36m[Kadd_on_set_parameters_callback[m[K(OnSetParametersCallbackType callback);
[7.802s]       |   [01;36m[K^~~~~~~~~~~~~~~~~~~~~~~~~~~~~~[m[K
[7.805s] [01m[K/home/aldo/arduinobot_ws/src/arduinobot_cpp_examples/src/simple_parameter.cpp:[m[K In function ‘[01m[Kint[01;32m[K main[m[K(int, char**)[m[K’:
[7.805s] [01m[K/home/aldo/arduinobot_ws/src/arduinobot_cpp_examples/src/simple_parameter.cpp:43:29:[m[K [01;31m[Kerror: [m[Kexpected ‘[01m[K;[m[K’ before ‘[01m[Kauto[m[K’
[7.805s]    43 |     rclcpp::init(argc, argv)
[7.805s]       |                             [01;31m[K^[m[K
[7.805s]       |                             [32m[K;[m[K
[7.805s]    44 |     [32m[Kauto[m[K node = std::make_shared<SimpleParameter>();
[7.805s]       |     [32m[K~~~~[m[K                     
[7.810s] [01m[K/home/aldo/arduinobot_ws/src/arduinobot_cpp_examples/src/simple_parameter.cpp:45:18:[m[K [01;31m[Kerror: [m[K‘[01m[Knode[m[K’ was not declared in this scope
[7.811s]    45 |     rclcpp::spin([01;31m[Knode[m[K);
[7.811s]       |                  [01;31m[K^~~~[m[K
[10.444s] gmake[2]: *** [CMakeFiles/simple_parameter.dir/build.make:76: CMakeFiles/simple_parameter.dir/src/simple_parameter.cpp.o] Error 1
[10.445s] gmake[1]: *** [CMakeFiles/Makefile2:193: CMakeFiles/simple_parameter.dir/all] Error 2
[10.445s] gmake: *** [Makefile:146: all] Error 2
[10.473s] Invoked command in '/home/aldo/arduinobot_ws/build/arduinobot_cpp_examples' returned '2': CMAKE_PREFIX_PATH=${CMAKE_PREFIX_PATH}:/opt/ros/jazzy DEBUGINFOD_URLS=https://debuginfod.ubuntu.com /usr/bin/cmake --build /home/aldo/arduinobot_ws/build/arduinobot_cpp_examples -- -j4 -l4
