[0.644s] Invoking command in '/home/aldo/arduinobot_ws/build/arduinobot_description': CMAKE_PREFIX_PATH=${CMAKE_PREFIX_PATH}:/opt/ros/jazzy DEBUGINFOD_URLS=https://debuginfod.ubuntu.com /usr/bin/cmake --build /home/aldo/arduinobot_ws/build/arduinobot_description -- -j4 -l4
[2.415s] Invoked command in '/home/aldo/arduinobot_ws/build/arduinobot_description' returned '0': CMAKE_PREFIX_PATH=${CMAKE_PREFIX_PATH}:/opt/ros/jazzy DEBUGINFOD_URLS=https://debuginfod.ubuntu.com /usr/bin/cmake --build /home/aldo/arduinobot_ws/build/arduinobot_description -- -j4 -l4
[2.829s] Invoking command in '/home/aldo/arduinobot_ws/build/arduinobot_description': CMAKE_PREFIX_PATH=${CMAKE_PREFIX_PATH}:/opt/ros/jazzy DEBUGINFOD_URLS=https://debuginfod.ubuntu.com /usr/bin/cmake --install /home/aldo/arduinobot_ws/build/arduinobot_description
[2.976s] -- Install configuration: ""
[2.995s] -- Up-to-date: /home/aldo/arduinobot_ws/install/arduinobot_description/share/arduinobot_description/meshes
[3.025s] -- Up-to-date: /home/aldo/arduinobot_ws/install/arduinobot_description/share/arduinobot_description/meshes/servo_plate.STL
[3.026s] -- Up-to-date: /home/aldo/arduinobot_ws/install/arduinobot_description/share/arduinobot_description/meshes/plate.STL
[3.026s] -- Up-to-date: /home/aldo/arduinobot_ws/install/arduinobot_description/share/arduinobot_description/meshes/forward_drive_arm.STL
[3.026s] -- Up-to-date: /home/aldo/arduinobot_ws/install/arduinobot_description/share/arduinobot_description/meshes/drive_gear.STL
[3.121s] -- Up-to-date: /home/aldo/arduinobot_ws/install/arduinobot_description/share/arduinobot_description/meshes/horizontal_arm.STL
[3.122s] -- Up-to-date: /home/aldo/arduinobot_ws/install/arduinobot_description/share/arduinobot_description/meshes/claw_support.STL
[3.122s] -- Up-to-date: /home/aldo/arduinobot_ws/install/arduinobot_description/share/arduinobot_description/meshes/triangular_link.STL
[3.123s] -- Up-to-date: /home/aldo/arduinobot_ws/install/arduinobot_description/share/arduinobot_description/meshes/base_plate.STL
[3.123s] -- Up-to-date: /home/aldo/arduinobot_ws/install/arduinobot_description/share/arduinobot_description/meshes/round_plate.STL
[3.123s] -- Up-to-date: /home/aldo/arduinobot_ws/install/arduinobot_description/share/arduinobot_description/meshes/left_finger.STL
[3.123s] -- Up-to-date: /home/aldo/arduinobot_ws/install/arduinobot_description/share/arduinobot_description/meshes/link.STL
[3.123s] -- Up-to-date: /home/aldo/arduinobot_ws/install/arduinobot_description/share/arduinobot_description/meshes/basement.STL
[3.127s] -- Up-to-date: /home/aldo/arduinobot_ws/install/arduinobot_description/share/arduinobot_description/meshes/right_finger.STL
[3.128s] -- Up-to-date: /home/aldo/arduinobot_ws/install/arduinobot_description/share/arduinobot_description/meshes/vertical_drive_arm.STL
[3.128s] -- Up-to-date: /home/aldo/arduinobot_ws/install/arduinobot_description/share/arduinobot_description/meshes/driven_gear.STL
[3.129s] -- Up-to-date: /home/aldo/arduinobot_ws/install/arduinobot_description/share/arduinobot_description/urdf
[3.129s] -- Installing: /home/aldo/arduinobot_ws/install/arduinobot_description/share/arduinobot_description/urdf/arduinobot.urdf.xacro
[3.130s] -- Up-to-date: /home/aldo/arduinobot_ws/install/arduinobot_description/share/ament_index/resource_index/package_run_dependencies/arduinobot_description
[3.130s] -- Up-to-date: /home/aldo/arduinobot_ws/install/arduinobot_description/share/ament_index/resource_index/parent_prefix_path/arduinobot_description
[3.130s] -- Up-to-date: /home/aldo/arduinobot_ws/install/arduinobot_description/share/arduinobot_description/environment/ament_prefix_path.sh
[3.130s] -- Up-to-date: /home/aldo/arduinobot_ws/install/arduinobot_description/share/arduinobot_description/environment/ament_prefix_path.dsv
[3.131s] -- Up-to-date: /home/aldo/arduinobot_ws/install/arduinobot_description/share/arduinobot_description/environment/path.sh
[3.132s] -- Up-to-date: /home/aldo/arduinobot_ws/install/arduinobot_description/share/arduinobot_description/environment/path.dsv
[3.132s] -- Up-to-date: /home/aldo/arduinobot_ws/install/arduinobot_description/share/arduinobot_description/local_setup.bash
[3.132s] -- Up-to-date: /home/aldo/arduinobot_ws/install/arduinobot_description/share/arduinobot_description/local_setup.sh
[3.132s] -- Up-to-date: /home/aldo/arduinobot_ws/install/arduinobot_description/share/arduinobot_description/local_setup.zsh
[3.133s] -- Up-to-date: /home/aldo/arduinobot_ws/install/arduinobot_description/share/arduinobot_description/local_setup.dsv
[3.133s] -- Installing: /home/aldo/arduinobot_ws/install/arduinobot_description/share/arduinobot_description/package.dsv
[3.133s] -- Up-to-date: /home/aldo/arduinobot_ws/install/arduinobot_description/share/ament_index/resource_index/packages/arduinobot_description
[3.133s] -- Up-to-date: /home/aldo/arduinobot_ws/install/arduinobot_description/share/arduinobot_description/cmake/arduinobot_descriptionConfig.cmake
[3.133s] -- Up-to-date: /home/aldo/arduinobot_ws/install/arduinobot_description/share/arduinobot_description/cmake/arduinobot_descriptionConfig-version.cmake
[3.133s] -- Up-to-date: /home/aldo/arduinobot_ws/install/arduinobot_description/share/arduinobot_description/package.xml
[3.135s] Invoked command in '/home/aldo/arduinobot_ws/build/arduinobot_description' returned '0': CMAKE_PREFIX_PATH=${CMAKE_PREFIX_PATH}:/opt/ros/jazzy DEBUGINFOD_URLS=https://debuginfod.ubuntu.com /usr/bin/cmake --install /home/aldo/arduinobot_ws/build/arduinobot_description
