[0.172s] DEBUG:colcon:Command line arguments: ['/usr/bin/colcon', 'build']
[0.173s] DEBUG:colcon:Parsed command line arguments: Namespace(log_base=None, log_level=None, verb_name='build', build_base='build', install_base='install', merge_install=False, symlink_install=False, test_result_base=None, continue_on_error=False, executor='parallel', parallel_workers=4, event_handlers=None, ignore_user_meta=False, metas=['./colcon.meta'], base_paths=['.'], packages_ignore=None, packages_ignore_regex=None, paths=None, packages_up_to=None, packages_up_to_regex=None, packages_above=None, packages_above_and_dependencies=None, packages_above_depth=None, packages_select_by_dep=None, packages_skip_by_dep=None, packages_skip_up_to=None, packages_select_build_failed=False, packages_skip_build_finished=False, packages_select_test_failures=False, packages_skip_test_passed=False, packages_select=None, packages_skip=None, packages_select_regex=None, packages_skip_regex=None, packages_start=None, packages_end=None, cmake_args=None, cmake_target=None, cmake_target_skip_unavailable=False, cmake_clean_cache=False, cmake_clean_first=False, cmake_force_configure=False, ament_cmake_args=None, catkin_cmake_args=None, catkin_skip_building_tests=False, verb_parser=<colcon_defaults.argument_parser.defaults.DefaultArgumentsDecorator object at 0x7d4493edf830>, verb_extension=<colcon_core.verb.build.BuildVerb object at 0x7d4493edf6e0>, main=<bound method BuildVerb.main of <colcon_core.verb.build.BuildVerb object at 0x7d4493edf6e0>>)
[0.253s] Level 1:colcon.colcon_core.package_discovery:discover_packages(colcon_meta) check parameters
[0.267s] Level 1:colcon.colcon_core.package_discovery:discover_packages(recursive) check parameters
[0.282s] Level 1:colcon.colcon_core.package_discovery:discover_packages(ignore) check parameters
[0.282s] Level 1:colcon.colcon_core.package_discovery:discover_packages(path) check parameters
[0.282s] Level 1:colcon.colcon_core.package_discovery:discover_packages(colcon_meta) discover
[0.283s] Level 1:colcon.colcon_core.package_discovery:discover_packages(recursive) discover
[0.283s] INFO:colcon.colcon_core.package_discovery:Crawling recursively for packages in '/home/aldo/arduinobot_ws'
[0.283s] Level 1:colcon.colcon_core.package_identification:_identify(.) by extensions ['ignore', 'ignore_ament_install']
[0.306s] Level 1:colcon.colcon_core.package_identification:_identify(.) by extension 'ignore'
[0.307s] Level 1:colcon.colcon_core.package_identification:_identify(.) by extension 'ignore_ament_install'
[0.307s] Level 1:colcon.colcon_core.package_identification:_identify(.) by extensions ['colcon_pkg']
[0.307s] Level 1:colcon.colcon_core.package_identification:_identify(.) by extension 'colcon_pkg'
[0.307s] Level 1:colcon.colcon_core.package_identification:_identify(.) by extensions ['colcon_meta']
[0.307s] Level 1:colcon.colcon_core.package_identification:_identify(.) by extension 'colcon_meta'
[0.307s] Level 1:colcon.colcon_core.package_identification:_identify(.) by extensions ['ros']
[0.333s] Level 1:colcon.colcon_core.package_identification:_identify(.) by extension 'ros'
[0.586s] Level 1:colcon.colcon_core.package_identification:_identify(.) by extensions ['cmake', 'python']
[0.589s] Level 1:colcon.colcon_core.package_identification:_identify(.) by extension 'cmake'
[0.590s] Level 1:colcon.colcon_core.package_identification:_identify(.) by extension 'python'
[0.593s] Level 1:colcon.colcon_core.package_identification:_identify(.) by extensions ['python_setup_py']
[0.594s] Level 1:colcon.colcon_core.package_identification:_identify(.) by extension 'python_setup_py'
[0.594s] Level 1:colcon.colcon_core.package_identification:_identify(build) by extensions ['ignore', 'ignore_ament_install']
[0.595s] Level 1:colcon.colcon_core.package_identification:_identify(build) by extension 'ignore'
[0.595s] Level 1:colcon.colcon_core.package_identification:_identify(build) ignored
[0.595s] Level 1:colcon.colcon_core.package_identification:_identify(install) by extensions ['ignore', 'ignore_ament_install']
[0.595s] Level 1:colcon.colcon_core.package_identification:_identify(install) by extension 'ignore'
[0.596s] Level 1:colcon.colcon_core.package_identification:_identify(install) ignored
[0.596s] Level 1:colcon.colcon_core.package_identification:_identify(log) by extensions ['ignore', 'ignore_ament_install']
[0.596s] Level 1:colcon.colcon_core.package_identification:_identify(log) by extension 'ignore'
[0.596s] Level 1:colcon.colcon_core.package_identification:_identify(log) ignored
[0.596s] Level 1:colcon.colcon_core.package_identification:_identify(src) by extensions ['ignore', 'ignore_ament_install']
[0.598s] Level 1:colcon.colcon_core.package_identification:_identify(src) by extension 'ignore'
[0.598s] Level 1:colcon.colcon_core.package_identification:_identify(src) by extension 'ignore_ament_install'
[0.598s] Level 1:colcon.colcon_core.package_identification:_identify(src) by extensions ['colcon_pkg']
[0.598s] Level 1:colcon.colcon_core.package_identification:_identify(src) by extension 'colcon_pkg'
[0.598s] Level 1:colcon.colcon_core.package_identification:_identify(src) by extensions ['colcon_meta']
[0.598s] Level 1:colcon.colcon_core.package_identification:_identify(src) by extension 'colcon_meta'
[0.598s] Level 1:colcon.colcon_core.package_identification:_identify(src) by extensions ['ros']
[0.599s] Level 1:colcon.colcon_core.package_identification:_identify(src) by extension 'ros'
[0.599s] Level 1:colcon.colcon_core.package_identification:_identify(src) by extensions ['cmake', 'python']
[0.599s] Level 1:colcon.colcon_core.package_identification:_identify(src) by extension 'cmake'
[0.599s] Level 1:colcon.colcon_core.package_identification:_identify(src) by extension 'python'
[0.599s] Level 1:colcon.colcon_core.package_identification:_identify(src) by extensions ['python_setup_py']
[0.599s] Level 1:colcon.colcon_core.package_identification:_identify(src) by extension 'python_setup_py'
[0.600s] Level 1:colcon.colcon_core.package_identification:_identify(src/arduinobot_cpp_examples) by extensions ['ignore', 'ignore_ament_install']
[0.601s] Level 1:colcon.colcon_core.package_identification:_identify(src/arduinobot_cpp_examples) by extension 'ignore'
[0.601s] Level 1:colcon.colcon_core.package_identification:_identify(src/arduinobot_cpp_examples) by extension 'ignore_ament_install'
[0.601s] Level 1:colcon.colcon_core.package_identification:_identify(src/arduinobot_cpp_examples) by extensions ['colcon_pkg']
[0.601s] Level 1:colcon.colcon_core.package_identification:_identify(src/arduinobot_cpp_examples) by extension 'colcon_pkg'
[0.601s] Level 1:colcon.colcon_core.package_identification:_identify(src/arduinobot_cpp_examples) by extensions ['colcon_meta']
[0.601s] Level 1:colcon.colcon_core.package_identification:_identify(src/arduinobot_cpp_examples) by extension 'colcon_meta'
[0.602s] Level 1:colcon.colcon_core.package_identification:_identify(src/arduinobot_cpp_examples) by extensions ['ros']
[0.602s] Level 1:colcon.colcon_core.package_identification:_identify(src/arduinobot_cpp_examples) by extension 'ros'
[0.610s] DEBUG:colcon.colcon_core.package_identification:Package 'src/arduinobot_cpp_examples' with type 'ros.ament_cmake' and name 'arduinobot_cpp_examples'
[0.611s] Level 1:colcon.colcon_core.package_identification:_identify(src/arduinobot_description) by extensions ['ignore', 'ignore_ament_install']
[0.611s] Level 1:colcon.colcon_core.package_identification:_identify(src/arduinobot_description) by extension 'ignore'
[0.611s] Level 1:colcon.colcon_core.package_identification:_identify(src/arduinobot_description) by extension 'ignore_ament_install'
[0.612s] Level 1:colcon.colcon_core.package_identification:_identify(src/arduinobot_description) by extensions ['colcon_pkg']
[0.612s] Level 1:colcon.colcon_core.package_identification:_identify(src/arduinobot_description) by extension 'colcon_pkg'
[0.612s] Level 1:colcon.colcon_core.package_identification:_identify(src/arduinobot_description) by extensions ['colcon_meta']
[0.612s] Level 1:colcon.colcon_core.package_identification:_identify(src/arduinobot_description) by extension 'colcon_meta'
[0.612s] Level 1:colcon.colcon_core.package_identification:_identify(src/arduinobot_description) by extensions ['ros']
[0.613s] Level 1:colcon.colcon_core.package_identification:_identify(src/arduinobot_description) by extension 'ros'
[0.614s] DEBUG:colcon.colcon_core.package_identification:Package 'src/arduinobot_description' with type 'ros.ament_cmake' and name 'arduinobot_description'
[0.614s] Level 1:colcon.colcon_core.package_discovery:discover_packages(recursive) using defaults
[0.614s] Level 1:colcon.colcon_core.package_discovery:discover_packages(ignore) discover
[0.614s] Level 1:colcon.colcon_core.package_discovery:discover_packages(ignore) using defaults
[0.615s] Level 1:colcon.colcon_core.package_discovery:discover_packages(path) discover
[0.615s] Level 1:colcon.colcon_core.package_discovery:discover_packages(path) using defaults
[0.658s] Level 5:colcon.colcon_core.verb:set package 'arduinobot_cpp_examples' build argument 'cmake_args' from command line to 'None'
[0.659s] Level 5:colcon.colcon_core.verb:set package 'arduinobot_cpp_examples' build argument 'cmake_target' from command line to 'None'
[0.659s] Level 5:colcon.colcon_core.verb:set package 'arduinobot_cpp_examples' build argument 'cmake_target_skip_unavailable' from command line to 'False'
[0.659s] Level 5:colcon.colcon_core.verb:set package 'arduinobot_cpp_examples' build argument 'cmake_clean_cache' from command line to 'False'
[0.659s] Level 5:colcon.colcon_core.verb:set package 'arduinobot_cpp_examples' build argument 'cmake_clean_first' from command line to 'False'
[0.659s] Level 5:colcon.colcon_core.verb:set package 'arduinobot_cpp_examples' build argument 'cmake_force_configure' from command line to 'False'
[0.659s] Level 5:colcon.colcon_core.verb:set package 'arduinobot_cpp_examples' build argument 'ament_cmake_args' from command line to 'None'
[0.659s] Level 5:colcon.colcon_core.verb:set package 'arduinobot_cpp_examples' build argument 'catkin_cmake_args' from command line to 'None'
[0.659s] Level 5:colcon.colcon_core.verb:set package 'arduinobot_cpp_examples' build argument 'catkin_skip_building_tests' from command line to 'False'
[0.659s] DEBUG:colcon.colcon_core.verb:Building package 'arduinobot_cpp_examples' with the following arguments: {'ament_cmake_args': None, 'build_base': '/home/aldo/arduinobot_ws/build/arduinobot_cpp_examples', 'catkin_cmake_args': None, 'catkin_skip_building_tests': False, 'cmake_args': None, 'cmake_clean_cache': False, 'cmake_clean_first': False, 'cmake_force_configure': False, 'cmake_target': None, 'cmake_target_skip_unavailable': False, 'install_base': '/home/aldo/arduinobot_ws/install/arduinobot_cpp_examples', 'merge_install': False, 'path': '/home/aldo/arduinobot_ws/src/arduinobot_cpp_examples', 'symlink_install': False, 'test_result_base': None}
[0.660s] Level 5:colcon.colcon_core.verb:set package 'arduinobot_description' build argument 'cmake_args' from command line to 'None'
[0.660s] Level 5:colcon.colcon_core.verb:set package 'arduinobot_description' build argument 'cmake_target' from command line to 'None'
[0.660s] Level 5:colcon.colcon_core.verb:set package 'arduinobot_description' build argument 'cmake_target_skip_unavailable' from command line to 'False'
[0.660s] Level 5:colcon.colcon_core.verb:set package 'arduinobot_description' build argument 'cmake_clean_cache' from command line to 'False'
[0.660s] Level 5:colcon.colcon_core.verb:set package 'arduinobot_description' build argument 'cmake_clean_first' from command line to 'False'
[0.660s] Level 5:colcon.colcon_core.verb:set package 'arduinobot_description' build argument 'cmake_force_configure' from command line to 'False'
[0.660s] Level 5:colcon.colcon_core.verb:set package 'arduinobot_description' build argument 'ament_cmake_args' from command line to 'None'
[0.660s] Level 5:colcon.colcon_core.verb:set package 'arduinobot_description' build argument 'catkin_cmake_args' from command line to 'None'
[0.660s] Level 5:colcon.colcon_core.verb:set package 'arduinobot_description' build argument 'catkin_skip_building_tests' from command line to 'False'
[0.660s] DEBUG:colcon.colcon_core.verb:Building package 'arduinobot_description' with the following arguments: {'ament_cmake_args': None, 'build_base': '/home/aldo/arduinobot_ws/build/arduinobot_description', 'catkin_cmake_args': None, 'catkin_skip_building_tests': False, 'cmake_args': None, 'cmake_clean_cache': False, 'cmake_clean_first': False, 'cmake_force_configure': False, 'cmake_target': None, 'cmake_target_skip_unavailable': False, 'install_base': '/home/aldo/arduinobot_ws/install/arduinobot_description', 'merge_install': False, 'path': '/home/aldo/arduinobot_ws/src/arduinobot_description', 'symlink_install': False, 'test_result_base': None}
[0.660s] INFO:colcon.colcon_core.executor:Executing jobs using 'parallel' executor
[0.685s] DEBUG:colcon.colcon_parallel_executor.executor.parallel:run_until_complete
[0.686s] INFO:colcon.colcon_ros.task.ament_cmake.build:Building ROS package in '/home/aldo/arduinobot_ws/src/arduinobot_cpp_examples' with build type 'ament_cmake'
[0.687s] INFO:colcon.colcon_cmake.task.cmake.build:Building CMake package in '/home/aldo/arduinobot_ws/src/arduinobot_cpp_examples'
[0.693s] INFO:colcon.colcon_core.plugin_system:Skipping extension 'colcon_core.shell.bat': Not used on non-Windows systems
[0.694s] DEBUG:colcon.colcon_core.shell:Skip shell extension 'dsv' for command environment
[0.715s] INFO:colcon.colcon_ros.task.ament_cmake.build:Building ROS package in '/home/aldo/arduinobot_ws/src/arduinobot_description' with build type 'ament_cmake'
[0.715s] INFO:colcon.colcon_cmake.task.cmake.build:Building CMake package in '/home/aldo/arduinobot_ws/src/arduinobot_description'
[0.716s] DEBUG:colcon.colcon_core.shell:Skip shell extension 'dsv' for command environment
[0.988s] DEBUG:colcon.colcon_core.event_handler.log_command:Invoking command in '/home/aldo/arduinobot_ws/build/arduinobot_cpp_examples': CMAKE_PREFIX_PATH=${CMAKE_PREFIX_PATH}:/opt/ros/jazzy DEBUGINFOD_URLS=https://debuginfod.ubuntu.com /usr/bin/cmake --build /home/aldo/arduinobot_ws/build/arduinobot_cpp_examples -- -j4 -l4
[1.160s] DEBUG:colcon.colcon_core.event_handler.log_command:Invoking command in '/home/aldo/arduinobot_ws/build/arduinobot_description': CMAKE_PREFIX_PATH=${CMAKE_PREFIX_PATH}:/opt/ros/jazzy DEBUGINFOD_URLS=https://debuginfod.ubuntu.com /usr/bin/cmake --build /home/aldo/arduinobot_ws/build/arduinobot_description -- -j4 -l4
[5.532s] DEBUG:colcon.colcon_core.event_handler.log_command:Invoked command in '/home/aldo/arduinobot_ws/build/arduinobot_cpp_examples' returned '0': CMAKE_PREFIX_PATH=${CMAKE_PREFIX_PATH}:/opt/ros/jazzy DEBUGINFOD_URLS=https://debuginfod.ubuntu.com /usr/bin/cmake --build /home/aldo/arduinobot_ws/build/arduinobot_cpp_examples -- -j4 -l4
[6.009s] DEBUG:colcon.colcon_core.event_handler.log_command:Invoking command in '/home/aldo/arduinobot_ws/build/arduinobot_cpp_examples': CMAKE_PREFIX_PATH=${CMAKE_PREFIX_PATH}:/opt/ros/jazzy DEBUGINFOD_URLS=https://debuginfod.ubuntu.com /usr/bin/cmake --install /home/aldo/arduinobot_ws/build/arduinobot_cpp_examples
[6.681s] Level 1:colcon.colcon_core.environment:create_environment_scripts_only(arduinobot_cpp_examples)
[6.722s] Level 1:colcon.colcon_core.environment:checking '/home/aldo/arduinobot_ws/install/arduinobot_cpp_examples' for CMake module files
[6.723s] Level 1:colcon.colcon_core.environment:checking '/home/aldo/arduinobot_ws/install/arduinobot_cpp_examples' for CMake config files
[6.726s] Level 1:colcon.colcon_core.shell:create_environment_hook('arduinobot_cpp_examples', 'cmake_prefix_path')
[6.727s] INFO:colcon.colcon_core.shell:Creating environment descriptor '/home/aldo/arduinobot_ws/install/arduinobot_cpp_examples/share/arduinobot_cpp_examples/hook/cmake_prefix_path.dsv'
[6.818s] DEBUG:colcon.colcon_core.event_handler.log_command:Invoked command in '/home/aldo/arduinobot_ws/build/arduinobot_cpp_examples' returned '0': CMAKE_PREFIX_PATH=${CMAKE_PREFIX_PATH}:/opt/ros/jazzy DEBUGINFOD_URLS=https://debuginfod.ubuntu.com /usr/bin/cmake --install /home/aldo/arduinobot_ws/build/arduinobot_cpp_examples
[6.825s] INFO:colcon.colcon_core.shell:Creating environment hook '/home/aldo/arduinobot_ws/install/arduinobot_cpp_examples/share/arduinobot_cpp_examples/hook/cmake_prefix_path.sh'
[6.828s] Level 1:colcon.colcon_core.environment:checking '/home/aldo/arduinobot_ws/install/arduinobot_cpp_examples/lib'
[6.828s] Level 1:colcon.colcon_core.environment:checking '/home/aldo/arduinobot_ws/install/arduinobot_cpp_examples/bin'
[6.829s] Level 1:colcon.colcon_core.environment:checking '/home/aldo/arduinobot_ws/install/arduinobot_cpp_examples/lib/pkgconfig/arduinobot_cpp_examples.pc'
[6.834s] Level 1:colcon.colcon_core.environment:checking '/home/aldo/arduinobot_ws/install/arduinobot_cpp_examples/lib/python3.12/site-packages'
[6.842s] Level 1:colcon.colcon_core.environment:checking '/home/aldo/arduinobot_ws/install/arduinobot_cpp_examples/bin'
[6.843s] INFO:colcon.colcon_core.shell:Creating package descriptor '/home/aldo/arduinobot_ws/install/arduinobot_cpp_examples/share/arduinobot_cpp_examples/package.dsv'
[6.919s] INFO:colcon.colcon_core.shell:Creating package script '/home/aldo/arduinobot_ws/install/arduinobot_cpp_examples/share/arduinobot_cpp_examples/package.sh'
[6.997s] INFO:colcon.colcon_core.shell:Creating package script '/home/aldo/arduinobot_ws/install/arduinobot_cpp_examples/share/arduinobot_cpp_examples/package.bash'
[7.000s] INFO:colcon.colcon_core.shell:Creating package script '/home/aldo/arduinobot_ws/install/arduinobot_cpp_examples/share/arduinobot_cpp_examples/package.zsh'
[7.003s] Level 1:colcon.colcon_core.environment:create_file_with_runtime_dependencies(/home/aldo/arduinobot_ws/install/arduinobot_cpp_examples/share/colcon-core/packages/arduinobot_cpp_examples)
[7.114s] Level 1:colcon.colcon_core.environment:create_environment_scripts_only(arduinobot_cpp_examples)
[7.114s] Level 1:colcon.colcon_core.environment:checking '/home/aldo/arduinobot_ws/install/arduinobot_cpp_examples' for CMake module files
[7.115s] Level 1:colcon.colcon_core.environment:checking '/home/aldo/arduinobot_ws/install/arduinobot_cpp_examples' for CMake config files
[7.115s] Level 1:colcon.colcon_core.shell:create_environment_hook('arduinobot_cpp_examples', 'cmake_prefix_path')
[7.115s] INFO:colcon.colcon_core.shell:Creating environment descriptor '/home/aldo/arduinobot_ws/install/arduinobot_cpp_examples/share/arduinobot_cpp_examples/hook/cmake_prefix_path.dsv'
[7.171s] INFO:colcon.colcon_core.shell:Creating environment hook '/home/aldo/arduinobot_ws/install/arduinobot_cpp_examples/share/arduinobot_cpp_examples/hook/cmake_prefix_path.sh'
[7.449s] Level 1:colcon.colcon_core.environment:checking '/home/aldo/arduinobot_ws/install/arduinobot_cpp_examples/lib'
[7.504s] Level 1:colcon.colcon_core.environment:checking '/home/aldo/arduinobot_ws/install/arduinobot_cpp_examples/bin'
[7.515s] Level 1:colcon.colcon_core.environment:checking '/home/aldo/arduinobot_ws/install/arduinobot_cpp_examples/lib/pkgconfig/arduinobot_cpp_examples.pc'
[7.617s] Level 1:colcon.colcon_core.environment:checking '/home/aldo/arduinobot_ws/install/arduinobot_cpp_examples/lib/python3.12/site-packages'
[7.681s] Level 1:colcon.colcon_core.environment:checking '/home/aldo/arduinobot_ws/install/arduinobot_cpp_examples/bin'
[7.681s] INFO:colcon.colcon_core.shell:Creating package descriptor '/home/aldo/arduinobot_ws/install/arduinobot_cpp_examples/share/arduinobot_cpp_examples/package.dsv'
[7.724s] INFO:colcon.colcon_core.shell:Creating package script '/home/aldo/arduinobot_ws/install/arduinobot_cpp_examples/share/arduinobot_cpp_examples/package.sh'
[7.726s] INFO:colcon.colcon_core.shell:Creating package script '/home/aldo/arduinobot_ws/install/arduinobot_cpp_examples/share/arduinobot_cpp_examples/package.bash'
[7.793s] INFO:colcon.colcon_core.shell:Creating package script '/home/aldo/arduinobot_ws/install/arduinobot_cpp_examples/share/arduinobot_cpp_examples/package.zsh'
[7.829s] Level 1:colcon.colcon_core.environment:create_file_with_runtime_dependencies(/home/aldo/arduinobot_ws/install/arduinobot_cpp_examples/share/colcon-core/packages/arduinobot_cpp_examples)
[15.864s] DEBUG:colcon.colcon_core.event_handler.log_command:Invoked command in '/home/aldo/arduinobot_ws/build/arduinobot_description' returned '0': CMAKE_PREFIX_PATH=${CMAKE_PREFIX_PATH}:/opt/ros/jazzy DEBUGINFOD_URLS=https://debuginfod.ubuntu.com /usr/bin/cmake --build /home/aldo/arduinobot_ws/build/arduinobot_description -- -j4 -l4
[15.881s] DEBUG:colcon.colcon_core.event_handler.log_command:Invoking command in '/home/aldo/arduinobot_ws/build/arduinobot_description': CMAKE_PREFIX_PATH=${CMAKE_PREFIX_PATH}:/opt/ros/jazzy DEBUGINFOD_URLS=https://debuginfod.ubuntu.com /usr/bin/cmake --install /home/aldo/arduinobot_ws/build/arduinobot_description
[16.971s] Level 1:colcon.colcon_core.environment:create_environment_scripts_only(arduinobot_description)
[16.971s] DEBUG:colcon.colcon_core.event_handler.log_command:Invoked command in '/home/aldo/arduinobot_ws/build/arduinobot_description' returned '0': CMAKE_PREFIX_PATH=${CMAKE_PREFIX_PATH}:/opt/ros/jazzy DEBUGINFOD_URLS=https://debuginfod.ubuntu.com /usr/bin/cmake --install /home/aldo/arduinobot_ws/build/arduinobot_description
[16.972s] Level 1:colcon.colcon_core.environment:checking '/home/aldo/arduinobot_ws/install/arduinobot_description' for CMake module files
[16.973s] Level 1:colcon.colcon_core.environment:checking '/home/aldo/arduinobot_ws/install/arduinobot_description' for CMake config files
[16.973s] Level 1:colcon.colcon_core.shell:create_environment_hook('arduinobot_description', 'cmake_prefix_path')
[16.974s] INFO:colcon.colcon_core.shell:Creating environment descriptor '/home/aldo/arduinobot_ws/install/arduinobot_description/share/arduinobot_description/hook/cmake_prefix_path.dsv'
[16.977s] INFO:colcon.colcon_core.shell:Creating environment hook '/home/aldo/arduinobot_ws/install/arduinobot_description/share/arduinobot_description/hook/cmake_prefix_path.sh'
[16.987s] Level 1:colcon.colcon_core.environment:checking '/home/aldo/arduinobot_ws/install/arduinobot_description/bin'
[16.987s] Level 1:colcon.colcon_core.environment:checking '/home/aldo/arduinobot_ws/install/arduinobot_description/lib/pkgconfig/arduinobot_description.pc'
[16.988s] Level 1:colcon.colcon_core.environment:checking '/home/aldo/arduinobot_ws/install/arduinobot_description/lib/python3.12/site-packages'
[16.988s] Level 1:colcon.colcon_core.environment:checking '/home/aldo/arduinobot_ws/install/arduinobot_description/bin'
[16.988s] INFO:colcon.colcon_core.shell:Creating package descriptor '/home/aldo/arduinobot_ws/install/arduinobot_description/share/arduinobot_description/package.dsv'
[17.148s] INFO:colcon.colcon_core.shell:Creating package script '/home/aldo/arduinobot_ws/install/arduinobot_description/share/arduinobot_description/package.sh'
[17.221s] INFO:colcon.colcon_core.shell:Creating package script '/home/aldo/arduinobot_ws/install/arduinobot_description/share/arduinobot_description/package.bash'
[17.251s] INFO:colcon.colcon_core.shell:Creating package script '/home/aldo/arduinobot_ws/install/arduinobot_description/share/arduinobot_description/package.zsh'
[17.252s] Level 1:colcon.colcon_core.environment:create_file_with_runtime_dependencies(/home/aldo/arduinobot_ws/install/arduinobot_description/share/colcon-core/packages/arduinobot_description)
[17.379s] Level 1:colcon.colcon_core.environment:create_environment_scripts_only(arduinobot_description)
[17.380s] Level 1:colcon.colcon_core.environment:checking '/home/aldo/arduinobot_ws/install/arduinobot_description' for CMake module files
[17.427s] Level 1:colcon.colcon_core.environment:checking '/home/aldo/arduinobot_ws/install/arduinobot_description' for CMake config files
[17.427s] Level 1:colcon.colcon_core.shell:create_environment_hook('arduinobot_description', 'cmake_prefix_path')
[17.427s] INFO:colcon.colcon_core.shell:Creating environment descriptor '/home/aldo/arduinobot_ws/install/arduinobot_description/share/arduinobot_description/hook/cmake_prefix_path.dsv'
[17.451s] INFO:colcon.colcon_core.shell:Creating environment hook '/home/aldo/arduinobot_ws/install/arduinobot_description/share/arduinobot_description/hook/cmake_prefix_path.sh'
[17.461s] Level 1:colcon.colcon_core.environment:checking '/home/aldo/arduinobot_ws/install/arduinobot_description/bin'
[17.461s] Level 1:colcon.colcon_core.environment:checking '/home/aldo/arduinobot_ws/install/arduinobot_description/lib/pkgconfig/arduinobot_description.pc'
[17.462s] Level 1:colcon.colcon_core.environment:checking '/home/aldo/arduinobot_ws/install/arduinobot_description/lib/python3.12/site-packages'
[17.462s] Level 1:colcon.colcon_core.environment:checking '/home/aldo/arduinobot_ws/install/arduinobot_description/bin'
[17.463s] INFO:colcon.colcon_core.shell:Creating package descriptor '/home/aldo/arduinobot_ws/install/arduinobot_description/share/arduinobot_description/package.dsv'
[17.464s] INFO:colcon.colcon_core.shell:Creating package script '/home/aldo/arduinobot_ws/install/arduinobot_description/share/arduinobot_description/package.sh'
[17.470s] INFO:colcon.colcon_core.shell:Creating package script '/home/aldo/arduinobot_ws/install/arduinobot_description/share/arduinobot_description/package.bash'
[17.491s] INFO:colcon.colcon_core.shell:Creating package script '/home/aldo/arduinobot_ws/install/arduinobot_description/share/arduinobot_description/package.zsh'
[17.528s] Level 1:colcon.colcon_core.environment:create_file_with_runtime_dependencies(/home/aldo/arduinobot_ws/install/arduinobot_description/share/colcon-core/packages/arduinobot_description)
[17.554s] DEBUG:colcon.colcon_parallel_executor.executor.parallel:closing loop
[17.655s] DEBUG:colcon.colcon_parallel_executor.executor.parallel:loop closed
[17.655s] DEBUG:colcon.colcon_parallel_executor.executor.parallel:run_until_complete finished with '0'
[17.655s] DEBUG:colcon.colcon_core.event_reactor:joining thread
[17.810s] INFO:colcon.colcon_core.plugin_system:Skipping extension 'colcon_notification.desktop_notification.terminal_notifier': Not used on non-Darwin systems
[17.823s] INFO:colcon.colcon_core.plugin_system:Skipping extension 'colcon_notification.desktop_notification.win32': Not used on non-Windows systems
[17.823s] INFO:colcon.colcon_notification.desktop_notification:Sending desktop notification using 'notify2'
[17.931s] DEBUG:colcon.colcon_core.event_reactor:joined thread
[17.932s] INFO:colcon.colcon_core.shell:Creating prefix script '/home/aldo/arduinobot_ws/install/local_setup.sh'
[17.934s] INFO:colcon.colcon_core.shell:Creating prefix util module '/home/aldo/arduinobot_ws/install/_local_setup_util_sh.py'
[17.936s] INFO:colcon.colcon_core.shell:Creating prefix chain script '/home/aldo/arduinobot_ws/install/setup.sh'
[17.938s] INFO:colcon.colcon_core.shell:Creating prefix script '/home/aldo/arduinobot_ws/install/local_setup.bash'
[17.939s] INFO:colcon.colcon_core.shell:Creating prefix chain script '/home/aldo/arduinobot_ws/install/setup.bash'
[17.940s] INFO:colcon.colcon_core.shell:Creating prefix script '/home/aldo/arduinobot_ws/install/local_setup.zsh'
[17.944s] INFO:colcon.colcon_core.shell:Creating prefix chain script '/home/aldo/arduinobot_ws/install/setup.zsh'
