[0.119s] Invoking command in '/home/aldo/arduinobot_ws/build/arduinobot_description': CMAKE_PREFIX_PATH=${CMAKE_PREFIX_PATH}:/opt/ros/jazzy DEBUGINFOD_URLS=https://debuginfod.ubuntu.com /usr/bin/cmake /home/aldo/arduinobot_ws/src/arduinobot_description -DCMAKE_INSTALL_PREFIX=/home/aldo/arduinobot_ws/install/arduinobot_description
[4.721s] -- The C compiler identification is GNU 13.3.0
[6.399s] -- The CXX compiler identification is GNU 13.3.0
[6.484s] -- Detecting C compiler ABI info
[6.708s] -- Detecting C compiler ABI info - done
[6.736s] -- Check for working C compiler: /usr/bin/cc - skipped
[6.754s] -- Detecting C compile features
[7.044s] -- Detecting C compile features - done
[7.668s] -- Detecting CXX compiler ABI info
[11.623s] -- Detecting CXX compiler ABI info - done
[11.923s] -- Check for working CXX compiler: /usr/bin/c++ - skipped
[12.254s] -- Detecting CXX compile features
[12.254s] -- Detecting CXX compile features - done
[12.307s] -- Found ament_cmake: 2.5.4 (/opt/ros/jazzy/share/ament_cmake/cmake)
[17.371s] -- Found Python3: /usr/bin/python3 (found version "3.12.3") found components: Interpreter 
[20.222s] -- Found ament_lint_auto: 0.17.3 (/opt/ros/jazzy/share/ament_lint_auto/cmake)
[21.542s] -- Added test 'lint_cmake' to check CMake code style
[21.599s] -- Added test 'xmllint' to check XML markup files
[21.614s] -- Configuring done (21.2s)
[21.698s] -- Generating done (0.0s)
[21.774s] -- Build files have been written to: /home/aldo/arduinobot_ws/build/arduinobot_description
[21.905s] Invoked command in '/home/aldo/arduinobot_ws/build/arduinobot_description' returned '0': CMAKE_PREFIX_PATH=${CMAKE_PREFIX_PATH}:/opt/ros/jazzy DEBUGINFOD_URLS=https://debuginfod.ubuntu.com /usr/bin/cmake /home/aldo/arduinobot_ws/src/arduinobot_description -DCMAKE_INSTALL_PREFIX=/home/aldo/arduinobot_ws/install/arduinobot_description
[22.220s] Invoking command in '/home/aldo/arduinobot_ws/build/arduinobot_description': CMAKE_PREFIX_PATH=${CMAKE_PREFIX_PATH}:/opt/ros/jazzy DEBUGINFOD_URLS=https://debuginfod.ubuntu.com /usr/bin/cmake --build /home/aldo/arduinobot_ws/build/arduinobot_description -- -j4 -l4
[24.703s] Invoked command in '/home/aldo/arduinobot_ws/build/arduinobot_description' returned '0': CMAKE_PREFIX_PATH=${CMAKE_PREFIX_PATH}:/opt/ros/jazzy DEBUGINFOD_URLS=https://debuginfod.ubuntu.com /usr/bin/cmake --build /home/aldo/arduinobot_ws/build/arduinobot_description -- -j4 -l4
[25.423s] Invoking command in '/home/aldo/arduinobot_ws/build/arduinobot_description': CMAKE_PREFIX_PATH=${CMAKE_PREFIX_PATH}:/opt/ros/jazzy DEBUGINFOD_URLS=https://debuginfod.ubuntu.com /usr/bin/cmake --install /home/aldo/arduinobot_ws/build/arduinobot_description
[25.659s] -- Install configuration: ""
[25.660s] -- Installing: /home/aldo/arduinobot_ws/install/arduinobot_description/share/ament_index/resource_index/package_run_dependencies/arduinobot_description
[25.777s] -- Installing: /home/aldo/arduinobot_ws/install/arduinobot_description/share/ament_index/resource_index/parent_prefix_path/arduinobot_description
[25.791s] -- Installing: /home/aldo/arduinobot_ws/install/arduinobot_description/share/arduinobot_description/environment/ament_prefix_path.sh
[25.794s] -- Installing: /home/aldo/arduinobot_ws/install/arduinobot_description/share/arduinobot_description/environment/ament_prefix_path.dsv
[25.794s] -- Installing: /home/aldo/arduinobot_ws/install/arduinobot_description/share/arduinobot_description/environment/path.sh
[25.795s] -- Installing: /home/aldo/arduinobot_ws/install/arduinobot_description/share/arduinobot_description/environment/path.dsv
[25.795s] -- Installing: /home/aldo/arduinobot_ws/install/arduinobot_description/share/arduinobot_description/local_setup.bash
[25.796s] -- Installing: /home/aldo/arduinobot_ws/install/arduinobot_description/share/arduinobot_description/local_setup.sh
[25.796s] -- Installing: /home/aldo/arduinobot_ws/install/arduinobot_description/share/arduinobot_description/local_setup.zsh
[25.880s] -- Installing: /home/aldo/arduinobot_ws/install/arduinobot_description/share/arduinobot_description/local_setup.dsv
[25.880s] -- Installing: /home/aldo/arduinobot_ws/install/arduinobot_description/share/arduinobot_description/package.dsv
[25.880s] -- Installing: /home/aldo/arduinobot_ws/install/arduinobot_description/share/ament_index/resource_index/packages/arduinobot_description
[25.880s] -- Installing: /home/aldo/arduinobot_ws/install/arduinobot_description/share/arduinobot_description/cmake/arduinobot_descriptionConfig.cmake
[25.881s] -- Installing: /home/aldo/arduinobot_ws/install/arduinobot_description/share/arduinobot_description/cmake/arduinobot_descriptionConfig-version.cmake
[25.881s] -- Installing: /home/aldo/arduinobot_ws/install/arduinobot_description/share/arduinobot_description/package.xml
[25.881s] Invoked command in '/home/aldo/arduinobot_ws/build/arduinobot_description' returned '0': CMAKE_PREFIX_PATH=${CMAKE_PREFIX_PATH}:/opt/ros/jazzy DEBUGINFOD_URLS=https://debuginfod.ubuntu.com /usr/bin/cmake --install /home/aldo/arduinobot_ws/build/arduinobot_description
