[0.402s] Invoking command in '/home/aldo/arduinobot_ws/build/arduinobot_description': CMAKE_PREFIX_PATH=${CMAKE_PREFIX_PATH}:/opt/ros/jazzy DEBUGINFOD_URLS=https://debuginfod.ubuntu.com /usr/bin/cmake --build /home/aldo/arduinobot_ws/build/arduinobot_description -- -j4 -l4
[1.948s] Invoked command in '/home/aldo/arduinobot_ws/build/arduinobot_description' returned '0': CMAKE_PREFIX_PATH=${CMAKE_PREFIX_PATH}:/opt/ros/jazzy DEBUGINFOD_URLS=https://debuginfod.ubuntu.com /usr/bin/cmake --build /home/aldo/arduinobot_ws/build/arduinobot_description -- -j4 -l4
[1.986s] Invoking command in '/home/aldo/arduinobot_ws/build/arduinobot_description': CMAKE_PREFIX_PATH=${CMAKE_PREFIX_PATH}:/opt/ros/jazzy DEBUGINFOD_URLS=https://debuginfod.ubuntu.com /usr/bin/cmake --install /home/aldo/arduinobot_ws/build/arduinobot_description
[2.014s] -- Install configuration: ""
[2.018s] -- Up-to-date: /home/aldo/arduinobot_ws/install/arduinobot_description/share/arduinobot_description/meshes
[2.018s] -- Up-to-date: /home/aldo/arduinobot_ws/install/arduinobot_description/share/arduinobot_description/meshes/servo_plate.STL
[2.018s] -- Up-to-date: /home/aldo/arduinobot_ws/install/arduinobot_description/share/arduinobot_description/meshes/plate.STL
[2.018s] -- Up-to-date: /home/aldo/arduinobot_ws/install/arduinobot_description/share/arduinobot_description/meshes/forward_drive_arm.STL
[2.018s] -- Up-to-date: /home/aldo/arduinobot_ws/install/arduinobot_description/share/arduinobot_description/meshes/drive_gear.STL
[2.019s] -- Up-to-date: /home/aldo/arduinobot_ws/install/arduinobot_description/share/arduinobot_description/meshes/horizontal_arm.STL
[2.019s] -- Up-to-date: /home/aldo/arduinobot_ws/install/arduinobot_description/share/arduinobot_description/meshes/claw_support.STL
[2.019s] -- Up-to-date: /home/aldo/arduinobot_ws/install/arduinobot_description/share/arduinobot_description/meshes/triangular_link.STL
[2.019s] -- Up-to-date: /home/aldo/arduinobot_ws/install/arduinobot_description/share/arduinobot_description/meshes/base_plate.STL
[2.019s] -- Up-to-date: /home/aldo/arduinobot_ws/install/arduinobot_description/share/arduinobot_description/meshes/round_plate.STL
[2.019s] -- Up-to-date: /home/aldo/arduinobot_ws/install/arduinobot_description/share/arduinobot_description/meshes/left_finger.STL
[2.019s] -- Up-to-date: /home/aldo/arduinobot_ws/install/arduinobot_description/share/arduinobot_description/meshes/link.STL
[2.028s] -- Up-to-date: /home/aldo/arduinobot_ws/install/arduinobot_description/share/arduinobot_description/meshes/basement.STL
[2.028s] -- Up-to-date: /home/aldo/arduinobot_ws/install/arduinobot_description/share/arduinobot_description/meshes/right_finger.STL
[2.029s] -- Up-to-date: /home/aldo/arduinobot_ws/install/arduinobot_description/share/arduinobot_description/meshes/vertical_drive_arm.STL
[2.029s] -- Up-to-date: /home/aldo/arduinobot_ws/install/arduinobot_description/share/arduinobot_description/meshes/driven_gear.STL
[2.029s] -- Up-to-date: /home/aldo/arduinobot_ws/install/arduinobot_description/share/arduinobot_description/urdf
[2.029s] -- Installing: /home/aldo/arduinobot_ws/install/arduinobot_description/share/arduinobot_description/urdf/arduinobot.urdf.xacro
[2.030s] -- Up-to-date: /home/aldo/arduinobot_ws/install/arduinobot_description/share/ament_index/resource_index/package_run_dependencies/arduinobot_description
[2.030s] -- Up-to-date: /home/aldo/arduinobot_ws/install/arduinobot_description/share/ament_index/resource_index/parent_prefix_path/arduinobot_description
[2.030s] -- Up-to-date: /home/aldo/arduinobot_ws/install/arduinobot_description/share/arduinobot_description/environment/ament_prefix_path.sh
[2.030s] -- Up-to-date: /home/aldo/arduinobot_ws/install/arduinobot_description/share/arduinobot_description/environment/ament_prefix_path.dsv
[2.045s] -- Up-to-date: /home/aldo/arduinobot_ws/install/arduinobot_description/share/arduinobot_description/environment/path.sh
[2.045s] -- Up-to-date: /home/aldo/arduinobot_ws/install/arduinobot_description/share/arduinobot_description/environment/path.dsv
[2.045s] -- Up-to-date: /home/aldo/arduinobot_ws/install/arduinobot_description/share/arduinobot_description/local_setup.bash
[2.046s] -- Up-to-date: /home/aldo/arduinobot_ws/install/arduinobot_description/share/arduinobot_description/local_setup.sh
[2.046s] -- Up-to-date: /home/aldo/arduinobot_ws/install/arduinobot_description/share/arduinobot_description/local_setup.zsh
[2.053s] -- Up-to-date: /home/aldo/arduinobot_ws/install/arduinobot_description/share/arduinobot_description/local_setup.dsv
[2.078s] -- Installing: /home/aldo/arduinobot_ws/install/arduinobot_description/share/arduinobot_description/package.dsv
[2.079s] -- Up-to-date: /home/aldo/arduinobot_ws/install/arduinobot_description/share/ament_index/resource_index/packages/arduinobot_description
[2.079s] -- Up-to-date: /home/aldo/arduinobot_ws/install/arduinobot_description/share/arduinobot_description/cmake/arduinobot_descriptionConfig.cmake
[2.079s] -- Up-to-date: /home/aldo/arduinobot_ws/install/arduinobot_description/share/arduinobot_description/cmake/arduinobot_descriptionConfig-version.cmake
[2.079s] -- Up-to-date: /home/aldo/arduinobot_ws/install/arduinobot_description/share/arduinobot_description/package.xml
[2.079s] Invoked command in '/home/aldo/arduinobot_ws/build/arduinobot_description' returned '0': CMAKE_PREFIX_PATH=${CMAKE_PREFIX_PATH}:/opt/ros/jazzy DEBUGINFOD_URLS=https://debuginfod.ubuntu.com /usr/bin/cmake --install /home/aldo/arduinobot_ws/build/arduinobot_description
