[0.094s] Invoking command in '/home/aldo/arduinobot_ws/build/arduinobot_description': CMAKE_PREFIX_PATH=${CMAKE_PREFIX_PATH}:/opt/ros/jazzy DEBUGINFOD_URLS=https://debuginfod.ubuntu.com /usr/bin/cmake --build /home/aldo/arduinobot_ws/build/arduinobot_description -- -j4 -l4
[0.642s] Invoked command in '/home/aldo/arduinobot_ws/build/arduinobot_description' returned '0': CMAKE_PREFIX_PATH=${CMAKE_PREFIX_PATH}:/opt/ros/jazzy DEBUGINFOD_URLS=https://debuginfod.ubuntu.com /usr/bin/cmake --build /home/aldo/arduinobot_ws/build/arduinobot_description -- -j4 -l4
[1.047s] Invoking command in '/home/aldo/arduinobot_ws/build/arduinobot_description': CMAKE_PREFIX_PATH=${CMAKE_PREFIX_PATH}:/opt/ros/jazzy DEBUGINFOD_URLS=https://debuginfod.ubuntu.com /usr/bin/cmake --install /home/aldo/arduinobot_ws/build/arduinobot_description
[1.125s] -- Install configuration: ""
[1.125s] -- Up-to-date: /home/aldo/arduinobot_ws/install/arduinobot_description/share/arduinobot_description/meshes
[1.125s] -- Up-to-date: /home/aldo/arduinobot_ws/install/arduinobot_description/share/arduinobot_description/meshes/servo_plate.STL
[1.128s] -- Up-to-date: /home/aldo/arduinobot_ws/install/arduinobot_description/share/arduinobot_description/meshes/plate.STL
[1.147s] -- Up-to-date: /home/aldo/arduinobot_ws/install/arduinobot_description/share/arduinobot_description/meshes/forward_drive_arm.STL
[1.147s] -- Up-to-date: /home/aldo/arduinobot_ws/install/arduinobot_description/share/arduinobot_description/meshes/drive_gear.STL
[1.215s] -- Up-to-date: /home/aldo/arduinobot_ws/install/arduinobot_description/share/arduinobot_description/meshes/horizontal_arm.STL
[1.216s] -- Up-to-date: /home/aldo/arduinobot_ws/install/arduinobot_description/share/arduinobot_description/meshes/claw_support.STL
[1.216s] -- Up-to-date: /home/aldo/arduinobot_ws/install/arduinobot_description/share/arduinobot_description/meshes/triangular_link.STL
[1.216s] -- Up-to-date: /home/aldo/arduinobot_ws/install/arduinobot_description/share/arduinobot_description/meshes/base_plate.STL
[1.216s] -- Up-to-date: /home/aldo/arduinobot_ws/install/arduinobot_description/share/arduinobot_description/meshes/round_plate.STL
[1.216s] -- Up-to-date: /home/aldo/arduinobot_ws/install/arduinobot_description/share/arduinobot_description/meshes/left_finger.STL
[1.216s] -- Up-to-date: /home/aldo/arduinobot_ws/install/arduinobot_description/share/arduinobot_description/meshes/link.STL
[1.217s] -- Up-to-date: /home/aldo/arduinobot_ws/install/arduinobot_description/share/arduinobot_description/meshes/basement.STL
[1.217s] -- Up-to-date: /home/aldo/arduinobot_ws/install/arduinobot_description/share/arduinobot_description/meshes/right_finger.STL
[1.217s] -- Up-to-date: /home/aldo/arduinobot_ws/install/arduinobot_description/share/arduinobot_description/meshes/vertical_drive_arm.STL
[1.217s] -- Up-to-date: /home/aldo/arduinobot_ws/install/arduinobot_description/share/arduinobot_description/meshes/driven_gear.STL
[1.217s] -- Up-to-date: /home/aldo/arduinobot_ws/install/arduinobot_description/share/arduinobot_description/urdf
[1.217s] -- Up-to-date: /home/aldo/arduinobot_ws/install/arduinobot_description/share/arduinobot_description/urdf/arduinobot.urdf.xacro
[1.217s] -- Up-to-date: /home/aldo/arduinobot_ws/install/arduinobot_description/share/ament_index/resource_index/package_run_dependencies/arduinobot_description
[1.217s] -- Up-to-date: /home/aldo/arduinobot_ws/install/arduinobot_description/share/ament_index/resource_index/parent_prefix_path/arduinobot_description
[1.218s] -- Up-to-date: /home/aldo/arduinobot_ws/install/arduinobot_description/share/arduinobot_description/environment/ament_prefix_path.sh
[1.218s] -- Up-to-date: /home/aldo/arduinobot_ws/install/arduinobot_description/share/arduinobot_description/environment/ament_prefix_path.dsv
[1.218s] -- Up-to-date: /home/aldo/arduinobot_ws/install/arduinobot_description/share/arduinobot_description/environment/path.sh
[1.218s] -- Up-to-date: /home/aldo/arduinobot_ws/install/arduinobot_description/share/arduinobot_description/environment/path.dsv
[1.218s] -- Up-to-date: /home/aldo/arduinobot_ws/install/arduinobot_description/share/arduinobot_description/local_setup.bash
[1.218s] -- Up-to-date: /home/aldo/arduinobot_ws/install/arduinobot_description/share/arduinobot_description/local_setup.sh
[1.218s] -- Up-to-date: /home/aldo/arduinobot_ws/install/arduinobot_description/share/arduinobot_description/local_setup.zsh
[1.219s] -- Up-to-date: /home/aldo/arduinobot_ws/install/arduinobot_description/share/arduinobot_description/local_setup.dsv
[1.219s] -- Installing: /home/aldo/arduinobot_ws/install/arduinobot_description/share/arduinobot_description/package.dsv
[1.219s] -- Up-to-date: /home/aldo/arduinobot_ws/install/arduinobot_description/share/ament_index/resource_index/packages/arduinobot_description
[1.219s] -- Up-to-date: /home/aldo/arduinobot_ws/install/arduinobot_description/share/arduinobot_description/cmake/arduinobot_descriptionConfig.cmake
[1.219s] -- Up-to-date: /home/aldo/arduinobot_ws/install/arduinobot_description/share/arduinobot_description/cmake/arduinobot_descriptionConfig-version.cmake
[1.219s] -- Up-to-date: /home/aldo/arduinobot_ws/install/arduinobot_description/share/arduinobot_description/package.xml
[1.320s] Invoked command in '/home/aldo/arduinobot_ws/build/arduinobot_description' returned '0': CMAKE_PREFIX_PATH=${CMAKE_PREFIX_PATH}:/opt/ros/jazzy DEBUGINFOD_URLS=https://debuginfod.ubuntu.com /usr/bin/cmake --install /home/aldo/arduinobot_ws/build/arduinobot_description
