[0.373s] Invoking command in '/home/aldo/arduinobot_ws/build/arduinobot_cpp_examples': CMAKE_PREFIX_PATH=${CMAKE_PREFIX_PATH}:/opt/ros/jazzy DEBUGINFOD_URLS=https://debuginfod.ubuntu.com /usr/bin/cmake --build /home/aldo/arduinobot_ws/build/arduinobot_cpp_examples -- -j4 -l4
[2.688s] [ 33%] Built target simple_publisher
[2.844s] [ 66%] Built target simple_subscriber
[3.220s] [100%] Built target simple_parameter
[3.593s] Invoked command in '/home/aldo/arduinobot_ws/build/arduinobot_cpp_examples' returned '0': CMAKE_PREFIX_PATH=${CMAKE_PREFIX_PATH}:/opt/ros/jazzy DEBUGINFOD_URLS=https://debuginfod.ubuntu.com /usr/bin/cmake --build /home/aldo/arduinobot_ws/build/arduinobot_cpp_examples -- -j4 -l4
[3.594s] Invoking command in '/home/aldo/arduinobot_ws/build/arduinobot_cpp_examples': CMAKE_PREFIX_PATH=${CMAKE_PREFIX_PATH}:/opt/ros/jazzy DEBUGINFOD_URLS=https://debuginfod.ubuntu.com /usr/bin/cmake --install /home/aldo/arduinobot_ws/build/arduinobot_cpp_examples
[3.721s] -- Install configuration: ""
[3.723s] -- Up-to-date: /home/aldo/arduinobot_ws/install/arduinobot_cpp_examples/lib/arduinobot_cpp_examples/simple_publisher
[3.725s] -- Up-to-date: /home/aldo/arduinobot_ws/install/arduinobot_cpp_examples/lib/arduinobot_cpp_examples/simple_subscriber
[3.728s] -- Up-to-date: /home/aldo/arduinobot_ws/install/arduinobot_cpp_examples/lib/arduinobot_cpp_examples/simple_parameter
[3.729s] -- Up-to-date: /home/aldo/arduinobot_ws/install/arduinobot_cpp_examples/share/ament_index/resource_index/package_run_dependencies/arduinobot_cpp_examples
[3.730s] -- Up-to-date: /home/aldo/arduinobot_ws/install/arduinobot_cpp_examples/share/ament_index/resource_index/parent_prefix_path/arduinobot_cpp_examples
[3.733s] -- Up-to-date: /home/aldo/arduinobot_ws/install/arduinobot_cpp_examples/share/arduinobot_cpp_examples/environment/ament_prefix_path.sh
[3.734s] -- Up-to-date: /home/aldo/arduinobot_ws/install/arduinobot_cpp_examples/share/arduinobot_cpp_examples/environment/ament_prefix_path.dsv
[3.735s] -- Up-to-date: /home/aldo/arduinobot_ws/install/arduinobot_cpp_examples/share/arduinobot_cpp_examples/environment/path.sh
[3.736s] -- Up-to-date: /home/aldo/arduinobot_ws/install/arduinobot_cpp_examples/share/arduinobot_cpp_examples/environment/path.dsv
[3.736s] -- Up-to-date: /home/aldo/arduinobot_ws/install/arduinobot_cpp_examples/share/arduinobot_cpp_examples/local_setup.bash
[3.741s] -- Up-to-date: /home/aldo/arduinobot_ws/install/arduinobot_cpp_examples/share/arduinobot_cpp_examples/local_setup.sh
[3.742s] -- Up-to-date: /home/aldo/arduinobot_ws/install/arduinobot_cpp_examples/share/arduinobot_cpp_examples/local_setup.zsh
[3.747s] -- Up-to-date: /home/aldo/arduinobot_ws/install/arduinobot_cpp_examples/share/arduinobot_cpp_examples/local_setup.dsv
[3.760s] -- Installing: /home/aldo/arduinobot_ws/install/arduinobot_cpp_examples/share/arduinobot_cpp_examples/package.dsv
[3.761s] -- Up-to-date: /home/aldo/arduinobot_ws/install/arduinobot_cpp_examples/share/ament_index/resource_index/packages/arduinobot_cpp_examples
[3.761s] -- Up-to-date: /home/aldo/arduinobot_ws/install/arduinobot_cpp_examples/share/arduinobot_cpp_examples/cmake/arduinobot_cpp_examplesConfig.cmake
[3.762s] -- Up-to-date: /home/aldo/arduinobot_ws/install/arduinobot_cpp_examples/share/arduinobot_cpp_examples/cmake/arduinobot_cpp_examplesConfig-version.cmake
[3.762s] -- Up-to-date: /home/aldo/arduinobot_ws/install/arduinobot_cpp_examples/share/arduinobot_cpp_examples/package.xml
[3.762s] Invoked command in '/home/aldo/arduinobot_ws/build/arduinobot_cpp_examples' returned '0': CMAKE_PREFIX_PATH=${CMAKE_PREFIX_PATH}:/opt/ros/jazzy DEBUGINFOD_URLS=https://debuginfod.ubuntu.com /usr/bin/cmake --install /home/aldo/arduinobot_ws/build/arduinobot_cpp_examples
