[0.415s] Invoking command in '/home/aldo/arduinobot_ws/build/arduinobot_description': CMAKE_PREFIX_PATH=${CMAKE_PREFIX_PATH}:/opt/ros/jazzy DEBUGINFOD_URLS=https://debuginfod.ubuntu.com /usr/bin/cmake --build /home/aldo/arduinobot_ws/build/arduinobot_description -- -j4 -l4
[1.522s] Invoked command in '/home/aldo/arduinobot_ws/build/arduinobot_description' returned '0': CMAKE_PREFIX_PATH=${CMAKE_PREFIX_PATH}:/opt/ros/jazzy DEBUGINFOD_URLS=https://debuginfod.ubuntu.com /usr/bin/cmake --build /home/aldo/arduinobot_ws/build/arduinobot_description -- -j4 -l4
[1.694s] Invoking command in '/home/aldo/arduinobot_ws/build/arduinobot_description': CMAKE_PREFIX_PATH=${CMAKE_PREFIX_PATH}:/opt/ros/jazzy DEBUGINFOD_URLS=https://debuginfod.ubuntu.com /usr/bin/cmake --install /home/aldo/arduinobot_ws/build/arduinobot_description
[1.839s] -- Install configuration: ""
[1.932s] -- Up-to-date: /home/aldo/arduinobot_ws/install/arduinobot_description/share/arduinobot_description/meshes
[1.932s] -- Up-to-date: /home/aldo/arduinobot_ws/install/arduinobot_description/share/arduinobot_description/meshes/servo_plate.STL
[1.932s] -- Up-to-date: /home/aldo/arduinobot_ws/install/arduinobot_description/share/arduinobot_description/meshes/plate.STL
[1.932s] -- Up-to-date: /home/aldo/arduinobot_ws/install/arduinobot_description/share/arduinobot_description/meshes/forward_drive_arm.STL
[2.095s] -- Up-to-date: /home/aldo/arduinobot_ws/install/arduinobot_description/share/arduinobot_description/meshes/drive_gear.STL
[2.096s] -- Up-to-date: /home/aldo/arduinobot_ws/install/arduinobot_description/share/arduinobot_description/meshes/horizontal_arm.STL
[2.098s] -- Up-to-date: /home/aldo/arduinobot_ws/install/arduinobot_description/share/arduinobot_description/meshes/claw_support.STL
[2.101s] -- Up-to-date: /home/aldo/arduinobot_ws/install/arduinobot_description/share/arduinobot_description/meshes/triangular_link.STL
[2.101s] -- Up-to-date: /home/aldo/arduinobot_ws/install/arduinobot_description/share/arduinobot_description/meshes/base_plate.STL
[2.101s] -- Up-to-date: /home/aldo/arduinobot_ws/install/arduinobot_description/share/arduinobot_description/meshes/round_plate.STL
[2.102s] -- Up-to-date: /home/aldo/arduinobot_ws/install/arduinobot_description/share/arduinobot_description/meshes/left_finger.STL
[2.102s] -- Up-to-date: /home/aldo/arduinobot_ws/install/arduinobot_description/share/arduinobot_description/meshes/link.STL
[2.103s] -- Up-to-date: /home/aldo/arduinobot_ws/install/arduinobot_description/share/arduinobot_description/meshes/basement.STL
[2.103s] -- Up-to-date: /home/aldo/arduinobot_ws/install/arduinobot_description/share/arduinobot_description/meshes/right_finger.STL
[2.103s] -- Up-to-date: /home/aldo/arduinobot_ws/install/arduinobot_description/share/arduinobot_description/meshes/vertical_drive_arm.STL
[2.103s] -- Up-to-date: /home/aldo/arduinobot_ws/install/arduinobot_description/share/arduinobot_description/meshes/driven_gear.STL
[2.104s] -- Up-to-date: /home/aldo/arduinobot_ws/install/arduinobot_description/share/arduinobot_description/urdf
[2.104s] -- Up-to-date: /home/aldo/arduinobot_ws/install/arduinobot_description/share/arduinobot_description/urdf/arduinobot.urdf.xacro
[2.105s] -- Up-to-date: /home/aldo/arduinobot_ws/install/arduinobot_description/share/ament_index/resource_index/package_run_dependencies/arduinobot_description
[2.105s] -- Up-to-date: /home/aldo/arduinobot_ws/install/arduinobot_description/share/ament_index/resource_index/parent_prefix_path/arduinobot_description
[2.105s] -- Up-to-date: /home/aldo/arduinobot_ws/install/arduinobot_description/share/arduinobot_description/environment/ament_prefix_path.sh
[2.105s] -- Up-to-date: /home/aldo/arduinobot_ws/install/arduinobot_description/share/arduinobot_description/environment/ament_prefix_path.dsv
[2.105s] -- Up-to-date: /home/aldo/arduinobot_ws/install/arduinobot_description/share/arduinobot_description/environment/path.sh
[2.105s] -- Up-to-date: /home/aldo/arduinobot_ws/install/arduinobot_description/share/arduinobot_description/environment/path.dsv
[2.105s] -- Up-to-date: /home/aldo/arduinobot_ws/install/arduinobot_description/share/arduinobot_description/local_setup.bash
[2.105s] -- Up-to-date: /home/aldo/arduinobot_ws/install/arduinobot_description/share/arduinobot_description/local_setup.sh
[2.105s] -- Up-to-date: /home/aldo/arduinobot_ws/install/arduinobot_description/share/arduinobot_description/local_setup.zsh
[2.106s] -- Up-to-date: /home/aldo/arduinobot_ws/install/arduinobot_description/share/arduinobot_description/local_setup.dsv
[2.106s] -- Installing: /home/aldo/arduinobot_ws/install/arduinobot_description/share/arduinobot_description/package.dsv
[2.106s] -- Up-to-date: /home/aldo/arduinobot_ws/install/arduinobot_description/share/ament_index/resource_index/packages/arduinobot_description
[2.106s] -- Up-to-date: /home/aldo/arduinobot_ws/install/arduinobot_description/share/arduinobot_description/cmake/arduinobot_descriptionConfig.cmake
[2.106s] -- Up-to-date: /home/aldo/arduinobot_ws/install/arduinobot_description/share/arduinobot_description/cmake/arduinobot_descriptionConfig-version.cmake
[2.106s] -- Up-to-date: /home/aldo/arduinobot_ws/install/arduinobot_description/share/arduinobot_description/package.xml
[2.106s] Invoked command in '/home/aldo/arduinobot_ws/build/arduinobot_description' returned '0': CMAKE_PREFIX_PATH=${CMAKE_PREFIX_PATH}:/opt/ros/jazzy DEBUGINFOD_URLS=https://debuginfod.ubuntu.com /usr/bin/cmake --install /home/aldo/arduinobot_ws/build/arduinobot_description
