[0.270s] Invoking command in '/home/aldo/arduinobot_ws/build/arduinobot_cpp_examples': CMAKE_PREFIX_PATH=${CMAKE_PREFIX_PATH}:/opt/ros/jazzy DEBUGINFOD_URLS=https://debuginfod.ubuntu.com /usr/bin/cmake /home/aldo/arduinobot_ws/src/arduinobot_cpp_examples -DCMAKE_INSTALL_PREFIX=/home/aldo/arduinobot_ws/install/arduinobot_cpp_examples
[4.055s] -- The C compiler identification is GNU 13.3.0
[8.008s] -- The CXX compiler identification is GNU 13.3.0
[8.636s] -- Detecting C compiler ABI info
[10.785s] -- Detecting C compiler ABI info - done
[10.980s] -- Check for working C compiler: /usr/bin/cc - skipped
[10.998s] -- Detecting C compile features
[11.088s] -- Detecting C compile features - done
[11.240s] -- Detecting CXX compiler ABI info
[12.779s] -- Detecting CXX compiler ABI info - done
[12.860s] -- Check for working CXX compiler: /usr/bin/c++ - skipped
[12.861s] -- Detecting CXX compile features
[12.862s] -- Detecting CXX compile features - done
[12.974s] -- Found ament_cmake: 2.5.4 (/opt/ros/jazzy/share/ament_cmake/cmake)
[14.930s] -- Found Python3: /usr/bin/python3 (found version "3.12.3") found components: Interpreter 
[16.570s] -- Found ament_lint_auto: 0.17.3 (/opt/ros/jazzy/share/ament_lint_auto/cmake)
[17.297s] -- Added test 'lint_cmake' to check CMake code style
[17.308s] -- Added test 'xmllint' to check XML markup files
[17.391s] -- Configuring done (15.8s)
[17.653s] -- Generating done (0.2s)
[17.682s] -- Build files have been written to: /home/aldo/arduinobot_ws/build/arduinobot_cpp_examples
[17.812s] Invoked command in '/home/aldo/arduinobot_ws/build/arduinobot_cpp_examples' returned '0': CMAKE_PREFIX_PATH=${CMAKE_PREFIX_PATH}:/opt/ros/jazzy DEBUGINFOD_URLS=https://debuginfod.ubuntu.com /usr/bin/cmake /home/aldo/arduinobot_ws/src/arduinobot_cpp_examples -DCMAKE_INSTALL_PREFIX=/home/aldo/arduinobot_ws/install/arduinobot_cpp_examples
[17.907s] Invoking command in '/home/aldo/arduinobot_ws/build/arduinobot_cpp_examples': CMAKE_PREFIX_PATH=${CMAKE_PREFIX_PATH}:/opt/ros/jazzy DEBUGINFOD_URLS=https://debuginfod.ubuntu.com /usr/bin/cmake --build /home/aldo/arduinobot_ws/build/arduinobot_cpp_examples -- -j4 -l4
[18.773s] Invoked command in '/home/aldo/arduinobot_ws/build/arduinobot_cpp_examples' returned '0': CMAKE_PREFIX_PATH=${CMAKE_PREFIX_PATH}:/opt/ros/jazzy DEBUGINFOD_URLS=https://debuginfod.ubuntu.com /usr/bin/cmake --build /home/aldo/arduinobot_ws/build/arduinobot_cpp_examples -- -j4 -l4
[18.895s] Invoking command in '/home/aldo/arduinobot_ws/build/arduinobot_cpp_examples': CMAKE_PREFIX_PATH=${CMAKE_PREFIX_PATH}:/opt/ros/jazzy DEBUGINFOD_URLS=https://debuginfod.ubuntu.com /usr/bin/cmake --install /home/aldo/arduinobot_ws/build/arduinobot_cpp_examples
[19.044s] -- Install configuration: ""
[19.044s] -- Installing: /home/aldo/arduinobot_ws/install/arduinobot_cpp_examples/share/ament_index/resource_index/package_run_dependencies/arduinobot_cpp_examples
[19.045s] -- Installing: /home/aldo/arduinobot_ws/install/arduinobot_cpp_examples/share/ament_index/resource_index/parent_prefix_path/arduinobot_cpp_examples
[19.045s] -- Installing: /home/aldo/arduinobot_ws/install/arduinobot_cpp_examples/share/arduinobot_cpp_examples/environment/ament_prefix_path.sh
[19.046s] -- Installing: /home/aldo/arduinobot_ws/install/arduinobot_cpp_examples/share/arduinobot_cpp_examples/environment/ament_prefix_path.dsv
[19.047s] -- Installing: /home/aldo/arduinobot_ws/install/arduinobot_cpp_examples/share/arduinobot_cpp_examples/environment/path.sh
[19.047s] -- Installing: /home/aldo/arduinobot_ws/install/arduinobot_cpp_examples/share/arduinobot_cpp_examples/environment/path.dsv
[19.047s] -- Installing: /home/aldo/arduinobot_ws/install/arduinobot_cpp_examples/share/arduinobot_cpp_examples/local_setup.bash
[19.048s] -- Installing: /home/aldo/arduinobot_ws/install/arduinobot_cpp_examples/share/arduinobot_cpp_examples/local_setup.sh
[19.048s] -- Installing: /home/aldo/arduinobot_ws/install/arduinobot_cpp_examples/share/arduinobot_cpp_examples/local_setup.zsh
[19.048s] -- Installing: /home/aldo/arduinobot_ws/install/arduinobot_cpp_examples/share/arduinobot_cpp_examples/local_setup.dsv
[19.049s] -- Installing: /home/aldo/arduinobot_ws/install/arduinobot_cpp_examples/share/arduinobot_cpp_examples/package.dsv
[19.049s] -- Installing: /home/aldo/arduinobot_ws/install/arduinobot_cpp_examples/share/ament_index/resource_index/packages/arduinobot_cpp_examples
[19.049s] -- Installing: /home/aldo/arduinobot_ws/install/arduinobot_cpp_examples/share/arduinobot_cpp_examples/cmake/arduinobot_cpp_examplesConfig.cmake
[19.050s] -- Installing: /home/aldo/arduinobot_ws/install/arduinobot_cpp_examples/share/arduinobot_cpp_examples/cmake/arduinobot_cpp_examplesConfig-version.cmake
[19.050s] -- Installing: /home/aldo/arduinobot_ws/install/arduinobot_cpp_examples/share/arduinobot_cpp_examples/package.xml
[19.056s] Invoked command in '/home/aldo/arduinobot_ws/build/arduinobot_cpp_examples' returned '0': CMAKE_PREFIX_PATH=${CMAKE_PREFIX_PATH}:/opt/ros/jazzy DEBUGINFOD_URLS=https://debuginfod.ubuntu.com /usr/bin/cmake --install /home/aldo/arduinobot_ws/build/arduinobot_cpp_examples
