[1.572s] DEBUG:colcon:Command line arguments: ['/usr/bin/colcon', 'build']
[1.572s] DEBUG:colcon:Parsed command line arguments: Namespace(log_base=None, log_level=None, verb_name='build', build_base='build', install_base='install', merge_install=False, symlink_install=False, test_result_base=None, continue_on_error=False, executor='parallel', parallel_workers=4, event_handlers=None, ignore_user_meta=False, metas=['./colcon.meta'], base_paths=['.'], packages_ignore=None, packages_ignore_regex=None, paths=None, packages_up_to=None, packages_up_to_regex=None, packages_above=None, packages_above_and_dependencies=None, packages_above_depth=None, packages_select_by_dep=None, packages_skip_by_dep=None, packages_skip_up_to=None, packages_select_build_failed=False, packages_skip_build_finished=False, packages_select_test_failures=False, packages_skip_test_passed=False, packages_select=None, packages_skip=None, packages_select_regex=None, packages_skip_regex=None, packages_start=None, packages_end=None, cmake_args=None, cmake_target=None, cmake_target_skip_unavailable=False, cmake_clean_cache=False, cmake_clean_first=False, cmake_force_configure=False, ament_cmake_args=None, catkin_cmake_args=None, catkin_skip_building_tests=False, verb_parser=<colcon_defaults.argument_parser.defaults.DefaultArgumentsDecorator object at 0x7442562fb3e0>, verb_extension=<colcon_core.verb.build.BuildVerb object at 0x7442562fb200>, main=<bound method BuildVerb.main of <colcon_core.verb.build.BuildVerb object at 0x7442562fb200>>)
[1.895s] Level 1:colcon.colcon_core.package_discovery:discover_packages(colcon_meta) check parameters
[1.896s] Level 1:colcon.colcon_core.package_discovery:discover_packages(recursive) check parameters
[1.896s] Level 1:colcon.colcon_core.package_discovery:discover_packages(ignore) check parameters
[1.896s] Level 1:colcon.colcon_core.package_discovery:discover_packages(path) check parameters
[1.896s] Level 1:colcon.colcon_core.package_discovery:discover_packages(colcon_meta) discover
[1.896s] Level 1:colcon.colcon_core.package_discovery:discover_packages(recursive) discover
[1.896s] INFO:colcon.colcon_core.package_discovery:Crawling recursively for packages in '/home/aldo/arduinobot_ws'
[1.897s] Level 1:colcon.colcon_core.package_identification:_identify(.) by extensions ['ignore', 'ignore_ament_install']
[1.897s] Level 1:colcon.colcon_core.package_identification:_identify(.) by extension 'ignore'
[1.897s] Level 1:colcon.colcon_core.package_identification:_identify(.) by extension 'ignore_ament_install'
[1.897s] Level 1:colcon.colcon_core.package_identification:_identify(.) by extensions ['colcon_pkg']
[1.897s] Level 1:colcon.colcon_core.package_identification:_identify(.) by extension 'colcon_pkg'
[1.897s] Level 1:colcon.colcon_core.package_identification:_identify(.) by extensions ['colcon_meta']
[1.897s] Level 1:colcon.colcon_core.package_identification:_identify(.) by extension 'colcon_meta'
[1.897s] Level 1:colcon.colcon_core.package_identification:_identify(.) by extensions ['ros']
[1.897s] Level 1:colcon.colcon_core.package_identification:_identify(.) by extension 'ros'
[2.005s] Level 1:colcon.colcon_core.package_identification:_identify(.) by extensions ['cmake', 'python']
[2.005s] Level 1:colcon.colcon_core.package_identification:_identify(.) by extension 'cmake'
[2.006s] Level 1:colcon.colcon_core.package_identification:_identify(.) by extension 'python'
[2.006s] Level 1:colcon.colcon_core.package_identification:_identify(.) by extensions ['python_setup_py']
[2.006s] Level 1:colcon.colcon_core.package_identification:_identify(.) by extension 'python_setup_py'
[2.008s] Level 1:colcon.colcon_core.package_identification:_identify(build) by extensions ['ignore', 'ignore_ament_install']
[2.010s] Level 1:colcon.colcon_core.package_identification:_identify(build) by extension 'ignore'
[2.011s] Level 1:colcon.colcon_core.package_identification:_identify(build) ignored
[2.012s] Level 1:colcon.colcon_core.package_identification:_identify(install) by extensions ['ignore', 'ignore_ament_install']
[2.012s] Level 1:colcon.colcon_core.package_identification:_identify(install) by extension 'ignore'
[2.012s] Level 1:colcon.colcon_core.package_identification:_identify(install) ignored
[2.012s] Level 1:colcon.colcon_core.package_identification:_identify(log) by extensions ['ignore', 'ignore_ament_install']
[2.013s] Level 1:colcon.colcon_core.package_identification:_identify(log) by extension 'ignore'
[2.013s] Level 1:colcon.colcon_core.package_identification:_identify(log) ignored
[2.013s] Level 1:colcon.colcon_core.package_identification:_identify(src) by extensions ['ignore', 'ignore_ament_install']
[2.014s] Level 1:colcon.colcon_core.package_identification:_identify(src) by extension 'ignore'
[2.014s] Level 1:colcon.colcon_core.package_identification:_identify(src) by extension 'ignore_ament_install'
[2.014s] Level 1:colcon.colcon_core.package_identification:_identify(src) by extensions ['colcon_pkg']
[2.014s] Level 1:colcon.colcon_core.package_identification:_identify(src) by extension 'colcon_pkg'
[2.014s] Level 1:colcon.colcon_core.package_identification:_identify(src) by extensions ['colcon_meta']
[2.014s] Level 1:colcon.colcon_core.package_identification:_identify(src) by extension 'colcon_meta'
[2.014s] Level 1:colcon.colcon_core.package_identification:_identify(src) by extensions ['ros']
[2.015s] Level 1:colcon.colcon_core.package_identification:_identify(src) by extension 'ros'
[2.015s] Level 1:colcon.colcon_core.package_identification:_identify(src) by extensions ['cmake', 'python']
[2.015s] Level 1:colcon.colcon_core.package_identification:_identify(src) by extension 'cmake'
[2.015s] Level 1:colcon.colcon_core.package_identification:_identify(src) by extension 'python'
[2.015s] Level 1:colcon.colcon_core.package_identification:_identify(src) by extensions ['python_setup_py']
[2.015s] Level 1:colcon.colcon_core.package_identification:_identify(src) by extension 'python_setup_py'
[2.015s] Level 1:colcon.colcon_core.package_identification:_identify(src/arduinobot_cpp_examples) by extensions ['ignore', 'ignore_ament_install']
[2.015s] Level 1:colcon.colcon_core.package_identification:_identify(src/arduinobot_cpp_examples) by extension 'ignore'
[2.016s] Level 1:colcon.colcon_core.package_identification:_identify(src/arduinobot_cpp_examples) by extension 'ignore_ament_install'
[2.016s] Level 1:colcon.colcon_core.package_identification:_identify(src/arduinobot_cpp_examples) by extensions ['colcon_pkg']
[2.016s] Level 1:colcon.colcon_core.package_identification:_identify(src/arduinobot_cpp_examples) by extension 'colcon_pkg'
[2.016s] Level 1:colcon.colcon_core.package_identification:_identify(src/arduinobot_cpp_examples) by extensions ['colcon_meta']
[2.016s] Level 1:colcon.colcon_core.package_identification:_identify(src/arduinobot_cpp_examples) by extension 'colcon_meta'
[2.016s] Level 1:colcon.colcon_core.package_identification:_identify(src/arduinobot_cpp_examples) by extensions ['ros']
[2.016s] Level 1:colcon.colcon_core.package_identification:_identify(src/arduinobot_cpp_examples) by extension 'ros'
[2.022s] DEBUG:colcon.colcon_core.package_identification:Package 'src/arduinobot_cpp_examples' with type 'ros.ament_cmake' and name 'arduinobot_cpp_examples'
[2.023s] Level 1:colcon.colcon_core.package_identification:_identify(src/arduinobot_description) by extensions ['ignore', 'ignore_ament_install']
[2.023s] Level 1:colcon.colcon_core.package_identification:_identify(src/arduinobot_description) by extension 'ignore'
[2.024s] Level 1:colcon.colcon_core.package_identification:_identify(src/arduinobot_description) by extension 'ignore_ament_install'
[2.024s] Level 1:colcon.colcon_core.package_identification:_identify(src/arduinobot_description) by extensions ['colcon_pkg']
[2.025s] Level 1:colcon.colcon_core.package_identification:_identify(src/arduinobot_description) by extension 'colcon_pkg'
[2.026s] Level 1:colcon.colcon_core.package_identification:_identify(src/arduinobot_description) by extensions ['colcon_meta']
[2.027s] Level 1:colcon.colcon_core.package_identification:_identify(src/arduinobot_description) by extension 'colcon_meta'
[2.027s] Level 1:colcon.colcon_core.package_identification:_identify(src/arduinobot_description) by extensions ['ros']
[2.027s] Level 1:colcon.colcon_core.package_identification:_identify(src/arduinobot_description) by extension 'ros'
[2.029s] DEBUG:colcon.colcon_core.package_identification:Package 'src/arduinobot_description' with type 'ros.ament_cmake' and name 'arduinobot_description'
[2.029s] Level 1:colcon.colcon_core.package_discovery:discover_packages(recursive) using defaults
[2.030s] Level 1:colcon.colcon_core.package_discovery:discover_packages(ignore) discover
[2.031s] Level 1:colcon.colcon_core.package_discovery:discover_packages(ignore) using defaults
[2.031s] Level 1:colcon.colcon_core.package_discovery:discover_packages(path) discover
[2.031s] Level 1:colcon.colcon_core.package_discovery:discover_packages(path) using defaults
[2.082s] Level 5:colcon.colcon_core.verb:set package 'arduinobot_cpp_examples' build argument 'cmake_args' from command line to 'None'
[2.083s] Level 5:colcon.colcon_core.verb:set package 'arduinobot_cpp_examples' build argument 'cmake_target' from command line to 'None'
[2.083s] Level 5:colcon.colcon_core.verb:set package 'arduinobot_cpp_examples' build argument 'cmake_target_skip_unavailable' from command line to 'False'
[2.083s] Level 5:colcon.colcon_core.verb:set package 'arduinobot_cpp_examples' build argument 'cmake_clean_cache' from command line to 'False'
[2.089s] Level 5:colcon.colcon_core.verb:set package 'arduinobot_cpp_examples' build argument 'cmake_clean_first' from command line to 'False'
[2.090s] Level 5:colcon.colcon_core.verb:set package 'arduinobot_cpp_examples' build argument 'cmake_force_configure' from command line to 'False'
[2.094s] Level 5:colcon.colcon_core.verb:set package 'arduinobot_cpp_examples' build argument 'ament_cmake_args' from command line to 'None'
[2.094s] Level 5:colcon.colcon_core.verb:set package 'arduinobot_cpp_examples' build argument 'catkin_cmake_args' from command line to 'None'
[2.094s] Level 5:colcon.colcon_core.verb:set package 'arduinobot_cpp_examples' build argument 'catkin_skip_building_tests' from command line to 'False'
[2.095s] DEBUG:colcon.colcon_core.verb:Building package 'arduinobot_cpp_examples' with the following arguments: {'ament_cmake_args': None, 'build_base': '/home/aldo/arduinobot_ws/build/arduinobot_cpp_examples', 'catkin_cmake_args': None, 'catkin_skip_building_tests': False, 'cmake_args': None, 'cmake_clean_cache': False, 'cmake_clean_first': False, 'cmake_force_configure': False, 'cmake_target': None, 'cmake_target_skip_unavailable': False, 'install_base': '/home/aldo/arduinobot_ws/install/arduinobot_cpp_examples', 'merge_install': False, 'path': '/home/aldo/arduinobot_ws/src/arduinobot_cpp_examples', 'symlink_install': False, 'test_result_base': None}
[2.095s] Level 5:colcon.colcon_core.verb:set package 'arduinobot_description' build argument 'cmake_args' from command line to 'None'
[2.095s] Level 5:colcon.colcon_core.verb:set package 'arduinobot_description' build argument 'cmake_target' from command line to 'None'
[2.095s] Level 5:colcon.colcon_core.verb:set package 'arduinobot_description' build argument 'cmake_target_skip_unavailable' from command line to 'False'
[2.095s] Level 5:colcon.colcon_core.verb:set package 'arduinobot_description' build argument 'cmake_clean_cache' from command line to 'False'
[2.095s] Level 5:colcon.colcon_core.verb:set package 'arduinobot_description' build argument 'cmake_clean_first' from command line to 'False'
[2.095s] Level 5:colcon.colcon_core.verb:set package 'arduinobot_description' build argument 'cmake_force_configure' from command line to 'False'
[2.095s] Level 5:colcon.colcon_core.verb:set package 'arduinobot_description' build argument 'ament_cmake_args' from command line to 'None'
[2.095s] Level 5:colcon.colcon_core.verb:set package 'arduinobot_description' build argument 'catkin_cmake_args' from command line to 'None'
[2.095s] Level 5:colcon.colcon_core.verb:set package 'arduinobot_description' build argument 'catkin_skip_building_tests' from command line to 'False'
[2.095s] DEBUG:colcon.colcon_core.verb:Building package 'arduinobot_description' with the following arguments: {'ament_cmake_args': None, 'build_base': '/home/aldo/arduinobot_ws/build/arduinobot_description', 'catkin_cmake_args': None, 'catkin_skip_building_tests': False, 'cmake_args': None, 'cmake_clean_cache': False, 'cmake_clean_first': False, 'cmake_force_configure': False, 'cmake_target': None, 'cmake_target_skip_unavailable': False, 'install_base': '/home/aldo/arduinobot_ws/install/arduinobot_description', 'merge_install': False, 'path': '/home/aldo/arduinobot_ws/src/arduinobot_description', 'symlink_install': False, 'test_result_base': None}
[2.096s] INFO:colcon.colcon_core.executor:Executing jobs using 'parallel' executor
[2.103s] DEBUG:colcon.colcon_parallel_executor.executor.parallel:run_until_complete
[2.112s] INFO:colcon.colcon_ros.task.ament_cmake.build:Building ROS package in '/home/aldo/arduinobot_ws/src/arduinobot_cpp_examples' with build type 'ament_cmake'
[2.112s] INFO:colcon.colcon_cmake.task.cmake.build:Building CMake package in '/home/aldo/arduinobot_ws/src/arduinobot_cpp_examples'
[2.164s] INFO:colcon.colcon_core.plugin_system:Skipping extension 'colcon_core.shell.bat': Not used on non-Windows systems
[2.185s] DEBUG:colcon.colcon_core.shell:Skip shell extension 'dsv' for command environment
[2.534s] INFO:colcon.colcon_ros.task.ament_cmake.build:Building ROS package in '/home/aldo/arduinobot_ws/src/arduinobot_description' with build type 'ament_cmake'
[2.535s] INFO:colcon.colcon_cmake.task.cmake.build:Building CMake package in '/home/aldo/arduinobot_ws/src/arduinobot_description'
[2.543s] DEBUG:colcon.colcon_core.shell:Skip shell extension 'dsv' for command environment
[3.119s] DEBUG:colcon.colcon_core.event_handler.log_command:Invoking command in '/home/aldo/arduinobot_ws/build/arduinobot_cpp_examples': CMAKE_PREFIX_PATH=${CMAKE_PREFIX_PATH}:/opt/ros/jazzy DEBUGINFOD_URLS=https://debuginfod.ubuntu.com /usr/bin/cmake --build /home/aldo/arduinobot_ws/build/arduinobot_cpp_examples -- -j4 -l4
[3.698s] DEBUG:colcon.colcon_core.event_handler.log_command:Invoking command in '/home/aldo/arduinobot_ws/build/arduinobot_description': CMAKE_PREFIX_PATH=${CMAKE_PREFIX_PATH}:/opt/ros/jazzy DEBUGINFOD_URLS=https://debuginfod.ubuntu.com /usr/bin/cmake --build /home/aldo/arduinobot_ws/build/arduinobot_description -- -j4 -l4
[6.801s] DEBUG:colcon.colcon_core.event_handler.log_command:Invoked command in '/home/aldo/arduinobot_ws/build/arduinobot_description' returned '0': CMAKE_PREFIX_PATH=${CMAKE_PREFIX_PATH}:/opt/ros/jazzy DEBUGINFOD_URLS=https://debuginfod.ubuntu.com /usr/bin/cmake --build /home/aldo/arduinobot_ws/build/arduinobot_description -- -j4 -l4
[7.825s] DEBUG:colcon.colcon_core.event_handler.log_command:Invoking command in '/home/aldo/arduinobot_ws/build/arduinobot_description': CMAKE_PREFIX_PATH=${CMAKE_PREFIX_PATH}:/opt/ros/jazzy DEBUGINFOD_URLS=https://debuginfod.ubuntu.com /usr/bin/cmake --install /home/aldo/arduinobot_ws/build/arduinobot_description
[8.771s] Level 1:colcon.colcon_core.environment:create_environment_scripts_only(arduinobot_description)
[8.844s] Level 1:colcon.colcon_core.environment:checking '/home/aldo/arduinobot_ws/install/arduinobot_description' for CMake module files
[8.858s] Level 1:colcon.colcon_core.environment:checking '/home/aldo/arduinobot_ws/install/arduinobot_description' for CMake config files
[8.859s] Level 1:colcon.colcon_core.shell:create_environment_hook('arduinobot_description', 'cmake_prefix_path')
[8.859s] INFO:colcon.colcon_core.shell:Creating environment descriptor '/home/aldo/arduinobot_ws/install/arduinobot_description/share/arduinobot_description/hook/cmake_prefix_path.dsv'
[8.894s] DEBUG:colcon.colcon_core.event_handler.log_command:Invoked command in '/home/aldo/arduinobot_ws/build/arduinobot_description' returned '0': CMAKE_PREFIX_PATH=${CMAKE_PREFIX_PATH}:/opt/ros/jazzy DEBUGINFOD_URLS=https://debuginfod.ubuntu.com /usr/bin/cmake --install /home/aldo/arduinobot_ws/build/arduinobot_description
[9.016s] INFO:colcon.colcon_core.shell:Creating environment hook '/home/aldo/arduinobot_ws/install/arduinobot_description/share/arduinobot_description/hook/cmake_prefix_path.sh'
[9.072s] Level 1:colcon.colcon_core.environment:checking '/home/aldo/arduinobot_ws/install/arduinobot_description/bin'
[9.073s] Level 1:colcon.colcon_core.environment:checking '/home/aldo/arduinobot_ws/install/arduinobot_description/lib/pkgconfig/arduinobot_description.pc'
[9.449s] Level 1:colcon.colcon_core.environment:checking '/home/aldo/arduinobot_ws/install/arduinobot_description/lib/python3.12/site-packages'
[9.450s] Level 1:colcon.colcon_core.environment:checking '/home/aldo/arduinobot_ws/install/arduinobot_description/bin'
[9.452s] INFO:colcon.colcon_core.shell:Creating package descriptor '/home/aldo/arduinobot_ws/install/arduinobot_description/share/arduinobot_description/package.dsv'
[9.512s] INFO:colcon.colcon_core.shell:Creating package script '/home/aldo/arduinobot_ws/install/arduinobot_description/share/arduinobot_description/package.sh'
[9.699s] INFO:colcon.colcon_core.shell:Creating package script '/home/aldo/arduinobot_ws/install/arduinobot_description/share/arduinobot_description/package.bash'
[9.724s] INFO:colcon.colcon_core.shell:Creating package script '/home/aldo/arduinobot_ws/install/arduinobot_description/share/arduinobot_description/package.zsh'
[9.728s] Level 1:colcon.colcon_core.environment:create_file_with_runtime_dependencies(/home/aldo/arduinobot_ws/install/arduinobot_description/share/colcon-core/packages/arduinobot_description)
[9.731s] Level 1:colcon.colcon_core.environment:create_environment_scripts_only(arduinobot_description)
[9.732s] Level 1:colcon.colcon_core.environment:checking '/home/aldo/arduinobot_ws/install/arduinobot_description' for CMake module files
[9.735s] Level 1:colcon.colcon_core.environment:checking '/home/aldo/arduinobot_ws/install/arduinobot_description' for CMake config files
[9.736s] Level 1:colcon.colcon_core.shell:create_environment_hook('arduinobot_description', 'cmake_prefix_path')
[9.737s] INFO:colcon.colcon_core.shell:Creating environment descriptor '/home/aldo/arduinobot_ws/install/arduinobot_description/share/arduinobot_description/hook/cmake_prefix_path.dsv'
[9.760s] INFO:colcon.colcon_core.shell:Creating environment hook '/home/aldo/arduinobot_ws/install/arduinobot_description/share/arduinobot_description/hook/cmake_prefix_path.sh'
[9.770s] Level 1:colcon.colcon_core.environment:checking '/home/aldo/arduinobot_ws/install/arduinobot_description/bin'
[9.772s] Level 1:colcon.colcon_core.environment:checking '/home/aldo/arduinobot_ws/install/arduinobot_description/lib/pkgconfig/arduinobot_description.pc'
[9.774s] Level 1:colcon.colcon_core.environment:checking '/home/aldo/arduinobot_ws/install/arduinobot_description/lib/python3.12/site-packages'
[9.776s] Level 1:colcon.colcon_core.environment:checking '/home/aldo/arduinobot_ws/install/arduinobot_description/bin'
[9.788s] INFO:colcon.colcon_core.shell:Creating package descriptor '/home/aldo/arduinobot_ws/install/arduinobot_description/share/arduinobot_description/package.dsv'
[9.850s] INFO:colcon.colcon_core.shell:Creating package script '/home/aldo/arduinobot_ws/install/arduinobot_description/share/arduinobot_description/package.sh'
[10.004s] INFO:colcon.colcon_core.shell:Creating package script '/home/aldo/arduinobot_ws/install/arduinobot_description/share/arduinobot_description/package.bash'
[10.046s] INFO:colcon.colcon_core.shell:Creating package script '/home/aldo/arduinobot_ws/install/arduinobot_description/share/arduinobot_description/package.zsh'
[10.062s] Level 1:colcon.colcon_core.environment:create_file_with_runtime_dependencies(/home/aldo/arduinobot_ws/install/arduinobot_description/share/colcon-core/packages/arduinobot_description)
[10.073s] DEBUG:colcon.colcon_core.event_handler.log_command:Invoked command in '/home/aldo/arduinobot_ws/build/arduinobot_cpp_examples' returned '0': CMAKE_PREFIX_PATH=${CMAKE_PREFIX_PATH}:/opt/ros/jazzy DEBUGINFOD_URLS=https://debuginfod.ubuntu.com /usr/bin/cmake --build /home/aldo/arduinobot_ws/build/arduinobot_cpp_examples -- -j4 -l4
[10.084s] DEBUG:colcon.colcon_core.event_handler.log_command:Invoking command in '/home/aldo/arduinobot_ws/build/arduinobot_cpp_examples': CMAKE_PREFIX_PATH=${CMAKE_PREFIX_PATH}:/opt/ros/jazzy DEBUGINFOD_URLS=https://debuginfod.ubuntu.com /usr/bin/cmake --install /home/aldo/arduinobot_ws/build/arduinobot_cpp_examples
[11.310s] DEBUG:colcon.colcon_core.event_handler.log_command:Invoked command in '/home/aldo/arduinobot_ws/build/arduinobot_cpp_examples' returned '0': CMAKE_PREFIX_PATH=${CMAKE_PREFIX_PATH}:/opt/ros/jazzy DEBUGINFOD_URLS=https://debuginfod.ubuntu.com /usr/bin/cmake --install /home/aldo/arduinobot_ws/build/arduinobot_cpp_examples
[11.287s] Level 1:colcon.colcon_core.environment:create_environment_scripts_only(arduinobot_cpp_examples)
[11.313s] Level 1:colcon.colcon_core.environment:checking '/home/aldo/arduinobot_ws/install/arduinobot_cpp_examples' for CMake module files
[11.325s] Level 1:colcon.colcon_core.environment:checking '/home/aldo/arduinobot_ws/install/arduinobot_cpp_examples' for CMake config files
[11.326s] Level 1:colcon.colcon_core.shell:create_environment_hook('arduinobot_cpp_examples', 'cmake_prefix_path')
[11.328s] INFO:colcon.colcon_core.shell:Creating environment descriptor '/home/aldo/arduinobot_ws/install/arduinobot_cpp_examples/share/arduinobot_cpp_examples/hook/cmake_prefix_path.dsv'
[11.531s] INFO:colcon.colcon_core.shell:Creating environment hook '/home/aldo/arduinobot_ws/install/arduinobot_cpp_examples/share/arduinobot_cpp_examples/hook/cmake_prefix_path.sh'
[11.578s] Level 1:colcon.colcon_core.environment:checking '/home/aldo/arduinobot_ws/install/arduinobot_cpp_examples/lib'
[11.579s] Level 1:colcon.colcon_core.environment:checking '/home/aldo/arduinobot_ws/install/arduinobot_cpp_examples/bin'
[11.580s] Level 1:colcon.colcon_core.environment:checking '/home/aldo/arduinobot_ws/install/arduinobot_cpp_examples/lib/pkgconfig/arduinobot_cpp_examples.pc'
[11.602s] Level 1:colcon.colcon_core.environment:checking '/home/aldo/arduinobot_ws/install/arduinobot_cpp_examples/lib/python3.12/site-packages'
[11.668s] Level 1:colcon.colcon_core.environment:checking '/home/aldo/arduinobot_ws/install/arduinobot_cpp_examples/bin'
[11.677s] INFO:colcon.colcon_core.shell:Creating package descriptor '/home/aldo/arduinobot_ws/install/arduinobot_cpp_examples/share/arduinobot_cpp_examples/package.dsv'
[11.742s] INFO:colcon.colcon_core.shell:Creating package script '/home/aldo/arduinobot_ws/install/arduinobot_cpp_examples/share/arduinobot_cpp_examples/package.sh'
[11.871s] INFO:colcon.colcon_core.shell:Creating package script '/home/aldo/arduinobot_ws/install/arduinobot_cpp_examples/share/arduinobot_cpp_examples/package.bash'
[12.219s] INFO:colcon.colcon_core.shell:Creating package script '/home/aldo/arduinobot_ws/install/arduinobot_cpp_examples/share/arduinobot_cpp_examples/package.zsh'
[12.233s] Level 1:colcon.colcon_core.environment:create_file_with_runtime_dependencies(/home/aldo/arduinobot_ws/install/arduinobot_cpp_examples/share/colcon-core/packages/arduinobot_cpp_examples)
[12.293s] Level 1:colcon.colcon_core.environment:create_environment_scripts_only(arduinobot_cpp_examples)
[12.429s] Level 1:colcon.colcon_core.environment:checking '/home/aldo/arduinobot_ws/install/arduinobot_cpp_examples' for CMake module files
[12.456s] Level 1:colcon.colcon_core.environment:checking '/home/aldo/arduinobot_ws/install/arduinobot_cpp_examples' for CMake config files
[12.467s] Level 1:colcon.colcon_core.shell:create_environment_hook('arduinobot_cpp_examples', 'cmake_prefix_path')
[12.788s] INFO:colcon.colcon_core.shell:Creating environment descriptor '/home/aldo/arduinobot_ws/install/arduinobot_cpp_examples/share/arduinobot_cpp_examples/hook/cmake_prefix_path.dsv'
[12.875s] INFO:colcon.colcon_core.shell:Creating environment hook '/home/aldo/arduinobot_ws/install/arduinobot_cpp_examples/share/arduinobot_cpp_examples/hook/cmake_prefix_path.sh'
[12.892s] Level 1:colcon.colcon_core.environment:checking '/home/aldo/arduinobot_ws/install/arduinobot_cpp_examples/lib'
[12.893s] Level 1:colcon.colcon_core.environment:checking '/home/aldo/arduinobot_ws/install/arduinobot_cpp_examples/bin'
[12.893s] Level 1:colcon.colcon_core.environment:checking '/home/aldo/arduinobot_ws/install/arduinobot_cpp_examples/lib/pkgconfig/arduinobot_cpp_examples.pc'
[13.011s] Level 1:colcon.colcon_core.environment:checking '/home/aldo/arduinobot_ws/install/arduinobot_cpp_examples/lib/python3.12/site-packages'
[13.019s] Level 1:colcon.colcon_core.environment:checking '/home/aldo/arduinobot_ws/install/arduinobot_cpp_examples/bin'
[13.043s] INFO:colcon.colcon_core.shell:Creating package descriptor '/home/aldo/arduinobot_ws/install/arduinobot_cpp_examples/share/arduinobot_cpp_examples/package.dsv'
[13.058s] INFO:colcon.colcon_core.shell:Creating package script '/home/aldo/arduinobot_ws/install/arduinobot_cpp_examples/share/arduinobot_cpp_examples/package.sh'
[13.073s] INFO:colcon.colcon_core.shell:Creating package script '/home/aldo/arduinobot_ws/install/arduinobot_cpp_examples/share/arduinobot_cpp_examples/package.bash'
[13.080s] INFO:colcon.colcon_core.shell:Creating package script '/home/aldo/arduinobot_ws/install/arduinobot_cpp_examples/share/arduinobot_cpp_examples/package.zsh'
[13.474s] Level 1:colcon.colcon_core.environment:create_file_with_runtime_dependencies(/home/aldo/arduinobot_ws/install/arduinobot_cpp_examples/share/colcon-core/packages/arduinobot_cpp_examples)
[13.476s] DEBUG:colcon.colcon_parallel_executor.executor.parallel:closing loop
[13.478s] DEBUG:colcon.colcon_parallel_executor.executor.parallel:loop closed
[13.478s] DEBUG:colcon.colcon_parallel_executor.executor.parallel:run_until_complete finished with '0'
[13.487s] DEBUG:colcon.colcon_core.event_reactor:joining thread
[14.170s] INFO:colcon.colcon_core.plugin_system:Skipping extension 'colcon_notification.desktop_notification.terminal_notifier': Not used on non-Darwin systems
[14.170s] INFO:colcon.colcon_core.plugin_system:Skipping extension 'colcon_notification.desktop_notification.win32': Not used on non-Windows systems
[14.171s] INFO:colcon.colcon_notification.desktop_notification:Sending desktop notification using 'notify2'
[14.619s] DEBUG:colcon.colcon_core.event_reactor:joined thread
[14.629s] INFO:colcon.colcon_core.shell:Creating prefix script '/home/aldo/arduinobot_ws/install/local_setup.sh'
[14.653s] INFO:colcon.colcon_core.shell:Creating prefix util module '/home/aldo/arduinobot_ws/install/_local_setup_util_sh.py'
[14.666s] INFO:colcon.colcon_core.shell:Creating prefix chain script '/home/aldo/arduinobot_ws/install/setup.sh'
[14.675s] INFO:colcon.colcon_core.shell:Creating prefix script '/home/aldo/arduinobot_ws/install/local_setup.bash'
[14.688s] INFO:colcon.colcon_core.shell:Creating prefix chain script '/home/aldo/arduinobot_ws/install/setup.bash'
[14.696s] INFO:colcon.colcon_core.shell:Creating prefix script '/home/aldo/arduinobot_ws/install/local_setup.zsh'
[14.701s] INFO:colcon.colcon_core.shell:Creating prefix chain script '/home/aldo/arduinobot_ws/install/setup.zsh'
