[0.202s] DEBUG:colcon:Command line arguments: ['/usr/bin/colcon', 'build']
[0.202s] DEBUG:colcon:Parsed command line arguments: Namespace(log_base=None, log_level=None, verb_name='build', build_base='build', install_base='install', merge_install=False, symlink_install=False, test_result_base=None, continue_on_error=False, executor='parallel', parallel_workers=2, event_handlers=None, ignore_user_meta=False, metas=['./colcon.meta'], base_paths=['.'], packages_ignore=None, packages_ignore_regex=None, paths=None, packages_up_to=None, packages_up_to_regex=None, packages_above=None, packages_above_and_dependencies=None, packages_above_depth=None, packages_select_by_dep=None, packages_skip_by_dep=None, packages_skip_up_to=None, packages_select_build_failed=False, packages_skip_build_finished=False, packages_select_test_failures=False, packages_skip_test_passed=False, packages_select=None, packages_skip=None, packages_select_regex=None, packages_skip_regex=None, packages_start=None, packages_end=None, cmake_args=None, cmake_target=None, cmake_target_skip_unavailable=False, cmake_clean_cache=False, cmake_clean_first=False, cmake_force_configure=False, ament_cmake_args=None, catkin_cmake_args=None, catkin_skip_building_tests=False, verb_parser=<colcon_defaults.argument_parser.defaults.DefaultArgumentsDecorator object at 0x7a23102f7e60>, verb_extension=<colcon_core.verb.build.BuildVerb object at 0x7a23102f7ce0>, main=<bound method BuildVerb.main of <colcon_core.verb.build.BuildVerb object at 0x7a23102f7ce0>>)
[0.290s] Level 1:colcon.colcon_core.package_discovery:discover_packages(colcon_meta) check parameters
[0.290s] Level 1:colcon.colcon_core.package_discovery:discover_packages(recursive) check parameters
[0.290s] Level 1:colcon.colcon_core.package_discovery:discover_packages(ignore) check parameters
[0.290s] Level 1:colcon.colcon_core.package_discovery:discover_packages(path) check parameters
[0.290s] Level 1:colcon.colcon_core.package_discovery:discover_packages(colcon_meta) discover
[0.291s] Level 1:colcon.colcon_core.package_discovery:discover_packages(recursive) discover
[0.291s] INFO:colcon.colcon_core.package_discovery:Crawling recursively for packages in '/home/aldo/arduinobot_ws'
[0.291s] Level 1:colcon.colcon_core.package_identification:_identify(.) by extensions ['ignore', 'ignore_ament_install']
[0.292s] Level 1:colcon.colcon_core.package_identification:_identify(.) by extension 'ignore'
[0.292s] Level 1:colcon.colcon_core.package_identification:_identify(.) by extension 'ignore_ament_install'
[0.292s] Level 1:colcon.colcon_core.package_identification:_identify(.) by extensions ['colcon_pkg']
[0.292s] Level 1:colcon.colcon_core.package_identification:_identify(.) by extension 'colcon_pkg'
[0.292s] Level 1:colcon.colcon_core.package_identification:_identify(.) by extensions ['colcon_meta']
[0.292s] Level 1:colcon.colcon_core.package_identification:_identify(.) by extension 'colcon_meta'
[0.292s] Level 1:colcon.colcon_core.package_identification:_identify(.) by extensions ['ros']
[0.292s] Level 1:colcon.colcon_core.package_identification:_identify(.) by extension 'ros'
[0.346s] Level 1:colcon.colcon_core.package_identification:_identify(.) by extensions ['cmake', 'python']
[0.346s] Level 1:colcon.colcon_core.package_identification:_identify(.) by extension 'cmake'
[0.346s] Level 1:colcon.colcon_core.package_identification:_identify(.) by extension 'python'
[0.346s] Level 1:colcon.colcon_core.package_identification:_identify(.) by extensions ['python_setup_py']
[0.346s] Level 1:colcon.colcon_core.package_identification:_identify(.) by extension 'python_setup_py'
[0.346s] Level 1:colcon.colcon_core.package_identification:_identify(build) by extensions ['ignore', 'ignore_ament_install']
[0.347s] Level 1:colcon.colcon_core.package_identification:_identify(build) by extension 'ignore'
[0.347s] Level 1:colcon.colcon_core.package_identification:_identify(build) ignored
[0.347s] Level 1:colcon.colcon_core.package_identification:_identify(install) by extensions ['ignore', 'ignore_ament_install']
[0.347s] Level 1:colcon.colcon_core.package_identification:_identify(install) by extension 'ignore'
[0.347s] Level 1:colcon.colcon_core.package_identification:_identify(install) ignored
[0.348s] Level 1:colcon.colcon_core.package_identification:_identify(log) by extensions ['ignore', 'ignore_ament_install']
[0.348s] Level 1:colcon.colcon_core.package_identification:_identify(log) by extension 'ignore'
[0.348s] Level 1:colcon.colcon_core.package_identification:_identify(log) ignored
[0.348s] Level 1:colcon.colcon_core.package_identification:_identify(src) by extensions ['ignore', 'ignore_ament_install']
[0.348s] Level 1:colcon.colcon_core.package_identification:_identify(src) by extension 'ignore'
[0.348s] Level 1:colcon.colcon_core.package_identification:_identify(src) by extension 'ignore_ament_install'
[0.349s] Level 1:colcon.colcon_core.package_identification:_identify(src) by extensions ['colcon_pkg']
[0.349s] Level 1:colcon.colcon_core.package_identification:_identify(src) by extension 'colcon_pkg'
[0.349s] Level 1:colcon.colcon_core.package_identification:_identify(src) by extensions ['colcon_meta']
[0.349s] Level 1:colcon.colcon_core.package_identification:_identify(src) by extension 'colcon_meta'
[0.349s] Level 1:colcon.colcon_core.package_identification:_identify(src) by extensions ['ros']
[0.349s] Level 1:colcon.colcon_core.package_identification:_identify(src) by extension 'ros'
[0.349s] Level 1:colcon.colcon_core.package_identification:_identify(src) by extensions ['cmake', 'python']
[0.349s] Level 1:colcon.colcon_core.package_identification:_identify(src) by extension 'cmake'
[0.349s] Level 1:colcon.colcon_core.package_identification:_identify(src) by extension 'python'
[0.349s] Level 1:colcon.colcon_core.package_identification:_identify(src) by extensions ['python_setup_py']
[0.349s] Level 1:colcon.colcon_core.package_identification:_identify(src) by extension 'python_setup_py'
[0.349s] Level 1:colcon.colcon_core.package_identification:_identify(src/arduinobot_cpp_examples) by extensions ['ignore', 'ignore_ament_install']
[0.350s] Level 1:colcon.colcon_core.package_identification:_identify(src/arduinobot_cpp_examples) by extension 'ignore'
[0.350s] Level 1:colcon.colcon_core.package_identification:_identify(src/arduinobot_cpp_examples) by extension 'ignore_ament_install'
[0.350s] Level 1:colcon.colcon_core.package_identification:_identify(src/arduinobot_cpp_examples) by extensions ['colcon_pkg']
[0.350s] Level 1:colcon.colcon_core.package_identification:_identify(src/arduinobot_cpp_examples) by extension 'colcon_pkg'
[0.350s] Level 1:colcon.colcon_core.package_identification:_identify(src/arduinobot_cpp_examples) by extensions ['colcon_meta']
[0.350s] Level 1:colcon.colcon_core.package_identification:_identify(src/arduinobot_cpp_examples) by extension 'colcon_meta'
[0.350s] Level 1:colcon.colcon_core.package_identification:_identify(src/arduinobot_cpp_examples) by extensions ['ros']
[0.350s] Level 1:colcon.colcon_core.package_identification:_identify(src/arduinobot_cpp_examples) by extension 'ros'
[0.355s] DEBUG:colcon.colcon_core.package_identification:Package 'src/arduinobot_cpp_examples' with type 'ros.ament_cmake' and name 'arduinobot_cpp_examples'
[0.356s] Level 1:colcon.colcon_core.package_identification:_identify(src/arduinobot_description) by extensions ['ignore', 'ignore_ament_install']
[0.356s] Level 1:colcon.colcon_core.package_identification:_identify(src/arduinobot_description) by extension 'ignore'
[0.356s] Level 1:colcon.colcon_core.package_identification:_identify(src/arduinobot_description) by extension 'ignore_ament_install'
[0.356s] Level 1:colcon.colcon_core.package_identification:_identify(src/arduinobot_description) by extensions ['colcon_pkg']
[0.357s] Level 1:colcon.colcon_core.package_identification:_identify(src/arduinobot_description) by extension 'colcon_pkg'
[0.357s] Level 1:colcon.colcon_core.package_identification:_identify(src/arduinobot_description) by extensions ['colcon_meta']
[0.357s] Level 1:colcon.colcon_core.package_identification:_identify(src/arduinobot_description) by extension 'colcon_meta'
[0.357s] Level 1:colcon.colcon_core.package_identification:_identify(src/arduinobot_description) by extensions ['ros']
[0.357s] Level 1:colcon.colcon_core.package_identification:_identify(src/arduinobot_description) by extension 'ros'
[0.358s] DEBUG:colcon.colcon_core.package_identification:Package 'src/arduinobot_description' with type 'ros.ament_cmake' and name 'arduinobot_description'
[0.358s] Level 1:colcon.colcon_core.package_discovery:discover_packages(recursive) using defaults
[0.358s] Level 1:colcon.colcon_core.package_discovery:discover_packages(ignore) discover
[0.358s] Level 1:colcon.colcon_core.package_discovery:discover_packages(ignore) using defaults
[0.358s] Level 1:colcon.colcon_core.package_discovery:discover_packages(path) discover
[0.358s] Level 1:colcon.colcon_core.package_discovery:discover_packages(path) using defaults
[0.394s] Level 5:colcon.colcon_core.verb:set package 'arduinobot_cpp_examples' build argument 'cmake_args' from command line to 'None'
[0.394s] Level 5:colcon.colcon_core.verb:set package 'arduinobot_cpp_examples' build argument 'cmake_target' from command line to 'None'
[0.394s] Level 5:colcon.colcon_core.verb:set package 'arduinobot_cpp_examples' build argument 'cmake_target_skip_unavailable' from command line to 'False'
[0.394s] Level 5:colcon.colcon_core.verb:set package 'arduinobot_cpp_examples' build argument 'cmake_clean_cache' from command line to 'False'
[0.394s] Level 5:colcon.colcon_core.verb:set package 'arduinobot_cpp_examples' build argument 'cmake_clean_first' from command line to 'False'
[0.394s] Level 5:colcon.colcon_core.verb:set package 'arduinobot_cpp_examples' build argument 'cmake_force_configure' from command line to 'False'
[0.394s] Level 5:colcon.colcon_core.verb:set package 'arduinobot_cpp_examples' build argument 'ament_cmake_args' from command line to 'None'
[0.394s] Level 5:colcon.colcon_core.verb:set package 'arduinobot_cpp_examples' build argument 'catkin_cmake_args' from command line to 'None'
[0.394s] Level 5:colcon.colcon_core.verb:set package 'arduinobot_cpp_examples' build argument 'catkin_skip_building_tests' from command line to 'False'
[0.394s] DEBUG:colcon.colcon_core.verb:Building package 'arduinobot_cpp_examples' with the following arguments: {'ament_cmake_args': None, 'build_base': '/home/aldo/arduinobot_ws/build/arduinobot_cpp_examples', 'catkin_cmake_args': None, 'catkin_skip_building_tests': False, 'cmake_args': None, 'cmake_clean_cache': False, 'cmake_clean_first': False, 'cmake_force_configure': False, 'cmake_target': None, 'cmake_target_skip_unavailable': False, 'install_base': '/home/aldo/arduinobot_ws/install/arduinobot_cpp_examples', 'merge_install': False, 'path': '/home/aldo/arduinobot_ws/src/arduinobot_cpp_examples', 'symlink_install': False, 'test_result_base': None}
[0.395s] Level 5:colcon.colcon_core.verb:set package 'arduinobot_description' build argument 'cmake_args' from command line to 'None'
[0.395s] Level 5:colcon.colcon_core.verb:set package 'arduinobot_description' build argument 'cmake_target' from command line to 'None'
[0.395s] Level 5:colcon.colcon_core.verb:set package 'arduinobot_description' build argument 'cmake_target_skip_unavailable' from command line to 'False'
[0.395s] Level 5:colcon.colcon_core.verb:set package 'arduinobot_description' build argument 'cmake_clean_cache' from command line to 'False'
[0.395s] Level 5:colcon.colcon_core.verb:set package 'arduinobot_description' build argument 'cmake_clean_first' from command line to 'False'
[0.395s] Level 5:colcon.colcon_core.verb:set package 'arduinobot_description' build argument 'cmake_force_configure' from command line to 'False'
[0.395s] Level 5:colcon.colcon_core.verb:set package 'arduinobot_description' build argument 'ament_cmake_args' from command line to 'None'
[0.395s] Level 5:colcon.colcon_core.verb:set package 'arduinobot_description' build argument 'catkin_cmake_args' from command line to 'None'
[0.395s] Level 5:colcon.colcon_core.verb:set package 'arduinobot_description' build argument 'catkin_skip_building_tests' from command line to 'False'
[0.396s] DEBUG:colcon.colcon_core.verb:Building package 'arduinobot_description' with the following arguments: {'ament_cmake_args': None, 'build_base': '/home/aldo/arduinobot_ws/build/arduinobot_description', 'catkin_cmake_args': None, 'catkin_skip_building_tests': False, 'cmake_args': None, 'cmake_clean_cache': False, 'cmake_clean_first': False, 'cmake_force_configure': False, 'cmake_target': None, 'cmake_target_skip_unavailable': False, 'install_base': '/home/aldo/arduinobot_ws/install/arduinobot_description', 'merge_install': False, 'path': '/home/aldo/arduinobot_ws/src/arduinobot_description', 'symlink_install': False, 'test_result_base': None}
[0.396s] INFO:colcon.colcon_core.executor:Executing jobs using 'parallel' executor
[0.398s] DEBUG:colcon.colcon_parallel_executor.executor.parallel:run_until_complete
[0.398s] INFO:colcon.colcon_ros.task.ament_cmake.build:Building ROS package in '/home/aldo/arduinobot_ws/src/arduinobot_cpp_examples' with build type 'ament_cmake'
[0.399s] INFO:colcon.colcon_cmake.task.cmake.build:Building CMake package in '/home/aldo/arduinobot_ws/src/arduinobot_cpp_examples'
[0.401s] INFO:colcon.colcon_core.plugin_system:Skipping extension 'colcon_core.shell.bat': Not used on non-Windows systems
[0.412s] DEBUG:colcon.colcon_core.shell:Skip shell extension 'dsv' for command environment
[0.465s] INFO:colcon.colcon_ros.task.ament_cmake.build:Building ROS package in '/home/aldo/arduinobot_ws/src/arduinobot_description' with build type 'ament_cmake'
[0.466s] INFO:colcon.colcon_cmake.task.cmake.build:Building CMake package in '/home/aldo/arduinobot_ws/src/arduinobot_description'
[0.467s] DEBUG:colcon.colcon_core.shell:Skip shell extension 'dsv' for command environment
[0.559s] DEBUG:colcon.colcon_core.event_handler.log_command:Invoking command in '/home/aldo/arduinobot_ws/build/arduinobot_cpp_examples': CMAKE_PREFIX_PATH=${CMAKE_PREFIX_PATH}:/opt/ros/jazzy DEBUGINFOD_URLS=https://debuginfod.ubuntu.com /usr/bin/cmake --build /home/aldo/arduinobot_ws/build/arduinobot_cpp_examples -- -j2 -l2
[0.614s] DEBUG:colcon.colcon_core.event_handler.log_command:Invoking command in '/home/aldo/arduinobot_ws/build/arduinobot_description': CMAKE_PREFIX_PATH=${CMAKE_PREFIX_PATH}:/opt/ros/jazzy DEBUGINFOD_URLS=https://debuginfod.ubuntu.com /usr/bin/cmake --build /home/aldo/arduinobot_ws/build/arduinobot_description -- -j2 -l2
[1.113s] DEBUG:colcon.colcon_core.event_handler.log_command:Invoked command in '/home/aldo/arduinobot_ws/build/arduinobot_description' returned '0': CMAKE_PREFIX_PATH=${CMAKE_PREFIX_PATH}:/opt/ros/jazzy DEBUGINFOD_URLS=https://debuginfod.ubuntu.com /usr/bin/cmake --build /home/aldo/arduinobot_ws/build/arduinobot_description -- -j2 -l2
[1.168s] DEBUG:colcon.colcon_core.event_handler.log_command:Invoking command in '/home/aldo/arduinobot_ws/build/arduinobot_description': CMAKE_PREFIX_PATH=${CMAKE_PREFIX_PATH}:/opt/ros/jazzy DEBUGINFOD_URLS=https://debuginfod.ubuntu.com /usr/bin/cmake --install /home/aldo/arduinobot_ws/build/arduinobot_description
[1.319s] Level 1:colcon.colcon_core.environment:create_environment_scripts_only(arduinobot_description)
[1.320s] DEBUG:colcon.colcon_core.event_handler.log_command:Invoked command in '/home/aldo/arduinobot_ws/build/arduinobot_description' returned '0': CMAKE_PREFIX_PATH=${CMAKE_PREFIX_PATH}:/opt/ros/jazzy DEBUGINFOD_URLS=https://debuginfod.ubuntu.com /usr/bin/cmake --install /home/aldo/arduinobot_ws/build/arduinobot_description
[1.332s] Level 1:colcon.colcon_core.environment:checking '/home/aldo/arduinobot_ws/install/arduinobot_description' for CMake module files
[1.338s] Level 1:colcon.colcon_core.environment:checking '/home/aldo/arduinobot_ws/install/arduinobot_description' for CMake config files
[1.345s] Level 1:colcon.colcon_core.shell:create_environment_hook('arduinobot_description', 'cmake_prefix_path')
[1.346s] INFO:colcon.colcon_core.shell:Creating environment descriptor '/home/aldo/arduinobot_ws/install/arduinobot_description/share/arduinobot_description/hook/cmake_prefix_path.dsv'
[1.351s] INFO:colcon.colcon_core.shell:Creating environment hook '/home/aldo/arduinobot_ws/install/arduinobot_description/share/arduinobot_description/hook/cmake_prefix_path.sh'
[1.366s] Level 1:colcon.colcon_core.environment:checking '/home/aldo/arduinobot_ws/install/arduinobot_description/bin'
[1.395s] Level 1:colcon.colcon_core.environment:checking '/home/aldo/arduinobot_ws/install/arduinobot_description/lib/pkgconfig/arduinobot_description.pc'
[1.430s] Level 1:colcon.colcon_core.environment:checking '/home/aldo/arduinobot_ws/install/arduinobot_description/lib/python3.12/site-packages'
[1.432s] Level 1:colcon.colcon_core.environment:checking '/home/aldo/arduinobot_ws/install/arduinobot_description/bin'
[1.432s] INFO:colcon.colcon_core.shell:Creating package descriptor '/home/aldo/arduinobot_ws/install/arduinobot_description/share/arduinobot_description/package.dsv'
[1.436s] INFO:colcon.colcon_core.shell:Creating package script '/home/aldo/arduinobot_ws/install/arduinobot_description/share/arduinobot_description/package.sh'
[1.442s] INFO:colcon.colcon_core.shell:Creating package script '/home/aldo/arduinobot_ws/install/arduinobot_description/share/arduinobot_description/package.bash'
[1.450s] INFO:colcon.colcon_core.shell:Creating package script '/home/aldo/arduinobot_ws/install/arduinobot_description/share/arduinobot_description/package.zsh'
[1.478s] Level 1:colcon.colcon_core.environment:create_file_with_runtime_dependencies(/home/aldo/arduinobot_ws/install/arduinobot_description/share/colcon-core/packages/arduinobot_description)
[1.482s] Level 1:colcon.colcon_core.environment:create_environment_scripts_only(arduinobot_description)
[1.482s] Level 1:colcon.colcon_core.environment:checking '/home/aldo/arduinobot_ws/install/arduinobot_description' for CMake module files
[1.486s] Level 1:colcon.colcon_core.environment:checking '/home/aldo/arduinobot_ws/install/arduinobot_description' for CMake config files
[1.487s] Level 1:colcon.colcon_core.shell:create_environment_hook('arduinobot_description', 'cmake_prefix_path')
[1.487s] INFO:colcon.colcon_core.shell:Creating environment descriptor '/home/aldo/arduinobot_ws/install/arduinobot_description/share/arduinobot_description/hook/cmake_prefix_path.dsv'
[1.489s] INFO:colcon.colcon_core.shell:Creating environment hook '/home/aldo/arduinobot_ws/install/arduinobot_description/share/arduinobot_description/hook/cmake_prefix_path.sh'
[1.491s] Level 1:colcon.colcon_core.environment:checking '/home/aldo/arduinobot_ws/install/arduinobot_description/bin'
[1.492s] Level 1:colcon.colcon_core.environment:checking '/home/aldo/arduinobot_ws/install/arduinobot_description/lib/pkgconfig/arduinobot_description.pc'
[1.493s] Level 1:colcon.colcon_core.environment:checking '/home/aldo/arduinobot_ws/install/arduinobot_description/lib/python3.12/site-packages'
[1.493s] Level 1:colcon.colcon_core.environment:checking '/home/aldo/arduinobot_ws/install/arduinobot_description/bin'
[1.493s] INFO:colcon.colcon_core.shell:Creating package descriptor '/home/aldo/arduinobot_ws/install/arduinobot_description/share/arduinobot_description/package.dsv'
[1.507s] INFO:colcon.colcon_core.shell:Creating package script '/home/aldo/arduinobot_ws/install/arduinobot_description/share/arduinobot_description/package.sh'
[1.512s] INFO:colcon.colcon_core.shell:Creating package script '/home/aldo/arduinobot_ws/install/arduinobot_description/share/arduinobot_description/package.bash'
[1.514s] INFO:colcon.colcon_core.shell:Creating package script '/home/aldo/arduinobot_ws/install/arduinobot_description/share/arduinobot_description/package.zsh'
[1.516s] Level 1:colcon.colcon_core.environment:create_file_with_runtime_dependencies(/home/aldo/arduinobot_ws/install/arduinobot_description/share/colcon-core/packages/arduinobot_description)
[1.769s] DEBUG:colcon.colcon_core.event_handler.log_command:Invoked command in '/home/aldo/arduinobot_ws/build/arduinobot_cpp_examples' returned '0': CMAKE_PREFIX_PATH=${CMAKE_PREFIX_PATH}:/opt/ros/jazzy DEBUGINFOD_URLS=https://debuginfod.ubuntu.com /usr/bin/cmake --build /home/aldo/arduinobot_ws/build/arduinobot_cpp_examples -- -j2 -l2
[1.769s] DEBUG:colcon.colcon_core.event_handler.log_command:Invoking command in '/home/aldo/arduinobot_ws/build/arduinobot_cpp_examples': CMAKE_PREFIX_PATH=${CMAKE_PREFIX_PATH}:/opt/ros/jazzy DEBUGINFOD_URLS=https://debuginfod.ubuntu.com /usr/bin/cmake --install /home/aldo/arduinobot_ws/build/arduinobot_cpp_examples
[1.844s] Level 1:colcon.colcon_core.environment:create_environment_scripts_only(arduinobot_cpp_examples)
[1.844s] Level 1:colcon.colcon_core.environment:checking '/home/aldo/arduinobot_ws/install/arduinobot_cpp_examples' for CMake module files
[1.850s] DEBUG:colcon.colcon_core.event_handler.log_command:Invoked command in '/home/aldo/arduinobot_ws/build/arduinobot_cpp_examples' returned '0': CMAKE_PREFIX_PATH=${CMAKE_PREFIX_PATH}:/opt/ros/jazzy DEBUGINFOD_URLS=https://debuginfod.ubuntu.com /usr/bin/cmake --install /home/aldo/arduinobot_ws/build/arduinobot_cpp_examples
[1.850s] Level 1:colcon.colcon_core.environment:checking '/home/aldo/arduinobot_ws/install/arduinobot_cpp_examples' for CMake config files
[1.851s] Level 1:colcon.colcon_core.shell:create_environment_hook('arduinobot_cpp_examples', 'cmake_prefix_path')
[1.851s] INFO:colcon.colcon_core.shell:Creating environment descriptor '/home/aldo/arduinobot_ws/install/arduinobot_cpp_examples/share/arduinobot_cpp_examples/hook/cmake_prefix_path.dsv'
[1.856s] INFO:colcon.colcon_core.shell:Creating environment hook '/home/aldo/arduinobot_ws/install/arduinobot_cpp_examples/share/arduinobot_cpp_examples/hook/cmake_prefix_path.sh'
[1.862s] Level 1:colcon.colcon_core.environment:checking '/home/aldo/arduinobot_ws/install/arduinobot_cpp_examples/lib'
[1.864s] Level 1:colcon.colcon_core.environment:checking '/home/aldo/arduinobot_ws/install/arduinobot_cpp_examples/bin'
[1.864s] Level 1:colcon.colcon_core.environment:checking '/home/aldo/arduinobot_ws/install/arduinobot_cpp_examples/lib/pkgconfig/arduinobot_cpp_examples.pc'
[1.865s] Level 1:colcon.colcon_core.environment:checking '/home/aldo/arduinobot_ws/install/arduinobot_cpp_examples/lib/python3.12/site-packages'
[1.866s] Level 1:colcon.colcon_core.environment:checking '/home/aldo/arduinobot_ws/install/arduinobot_cpp_examples/bin'
[1.867s] INFO:colcon.colcon_core.shell:Creating package descriptor '/home/aldo/arduinobot_ws/install/arduinobot_cpp_examples/share/arduinobot_cpp_examples/package.dsv'
[1.869s] INFO:colcon.colcon_core.shell:Creating package script '/home/aldo/arduinobot_ws/install/arduinobot_cpp_examples/share/arduinobot_cpp_examples/package.sh'
[1.874s] INFO:colcon.colcon_core.shell:Creating package script '/home/aldo/arduinobot_ws/install/arduinobot_cpp_examples/share/arduinobot_cpp_examples/package.bash'
[1.876s] INFO:colcon.colcon_core.shell:Creating package script '/home/aldo/arduinobot_ws/install/arduinobot_cpp_examples/share/arduinobot_cpp_examples/package.zsh'
[1.878s] Level 1:colcon.colcon_core.environment:create_file_with_runtime_dependencies(/home/aldo/arduinobot_ws/install/arduinobot_cpp_examples/share/colcon-core/packages/arduinobot_cpp_examples)
[1.880s] Level 1:colcon.colcon_core.environment:create_environment_scripts_only(arduinobot_cpp_examples)
[1.881s] Level 1:colcon.colcon_core.environment:checking '/home/aldo/arduinobot_ws/install/arduinobot_cpp_examples' for CMake module files
[1.882s] Level 1:colcon.colcon_core.environment:checking '/home/aldo/arduinobot_ws/install/arduinobot_cpp_examples' for CMake config files
[1.883s] Level 1:colcon.colcon_core.shell:create_environment_hook('arduinobot_cpp_examples', 'cmake_prefix_path')
[1.883s] INFO:colcon.colcon_core.shell:Creating environment descriptor '/home/aldo/arduinobot_ws/install/arduinobot_cpp_examples/share/arduinobot_cpp_examples/hook/cmake_prefix_path.dsv'
[1.886s] INFO:colcon.colcon_core.shell:Creating environment hook '/home/aldo/arduinobot_ws/install/arduinobot_cpp_examples/share/arduinobot_cpp_examples/hook/cmake_prefix_path.sh'
[1.889s] Level 1:colcon.colcon_core.environment:checking '/home/aldo/arduinobot_ws/install/arduinobot_cpp_examples/lib'
[1.889s] Level 1:colcon.colcon_core.environment:checking '/home/aldo/arduinobot_ws/install/arduinobot_cpp_examples/bin'
[1.890s] Level 1:colcon.colcon_core.environment:checking '/home/aldo/arduinobot_ws/install/arduinobot_cpp_examples/lib/pkgconfig/arduinobot_cpp_examples.pc'
[1.891s] Level 1:colcon.colcon_core.environment:checking '/home/aldo/arduinobot_ws/install/arduinobot_cpp_examples/lib/python3.12/site-packages'
[1.891s] Level 1:colcon.colcon_core.environment:checking '/home/aldo/arduinobot_ws/install/arduinobot_cpp_examples/bin'
[1.892s] INFO:colcon.colcon_core.shell:Creating package descriptor '/home/aldo/arduinobot_ws/install/arduinobot_cpp_examples/share/arduinobot_cpp_examples/package.dsv'
[1.905s] INFO:colcon.colcon_core.shell:Creating package script '/home/aldo/arduinobot_ws/install/arduinobot_cpp_examples/share/arduinobot_cpp_examples/package.sh'
[1.908s] INFO:colcon.colcon_core.shell:Creating package script '/home/aldo/arduinobot_ws/install/arduinobot_cpp_examples/share/arduinobot_cpp_examples/package.bash'
[1.910s] INFO:colcon.colcon_core.shell:Creating package script '/home/aldo/arduinobot_ws/install/arduinobot_cpp_examples/share/arduinobot_cpp_examples/package.zsh'
[1.912s] Level 1:colcon.colcon_core.environment:create_file_with_runtime_dependencies(/home/aldo/arduinobot_ws/install/arduinobot_cpp_examples/share/colcon-core/packages/arduinobot_cpp_examples)
[1.916s] DEBUG:colcon.colcon_parallel_executor.executor.parallel:closing loop
[1.917s] DEBUG:colcon.colcon_parallel_executor.executor.parallel:loop closed
[1.917s] DEBUG:colcon.colcon_parallel_executor.executor.parallel:run_until_complete finished with '0'
[1.918s] DEBUG:colcon.colcon_core.event_reactor:joining thread
[1.929s] INFO:colcon.colcon_core.plugin_system:Skipping extension 'colcon_notification.desktop_notification.terminal_notifier': Not used on non-Darwin systems
[1.931s] INFO:colcon.colcon_core.plugin_system:Skipping extension 'colcon_notification.desktop_notification.win32': Not used on non-Windows systems
[1.931s] INFO:colcon.colcon_notification.desktop_notification:Sending desktop notification using 'notify2'
[1.984s] DEBUG:colcon.colcon_core.event_reactor:joined thread
[1.988s] INFO:colcon.colcon_core.shell:Creating prefix script '/home/aldo/arduinobot_ws/install/local_setup.sh'
[1.990s] INFO:colcon.colcon_core.shell:Creating prefix util module '/home/aldo/arduinobot_ws/install/_local_setup_util_sh.py'
[1.994s] INFO:colcon.colcon_core.shell:Creating prefix chain script '/home/aldo/arduinobot_ws/install/setup.sh'
[1.999s] INFO:colcon.colcon_core.shell:Creating prefix script '/home/aldo/arduinobot_ws/install/local_setup.bash'
[2.002s] INFO:colcon.colcon_core.shell:Creating prefix chain script '/home/aldo/arduinobot_ws/install/setup.bash'
[2.006s] INFO:colcon.colcon_core.shell:Creating prefix script '/home/aldo/arduinobot_ws/install/local_setup.zsh'
[2.015s] INFO:colcon.colcon_core.shell:Creating prefix chain script '/home/aldo/arduinobot_ws/install/setup.zsh'
